<?xml version="1.0" encoding="UTF-8"?>
<!-- Generated by org.testng.reporters.JUnitReportReporter -->
<testsuite hostname="DESKTOP-M4STU02" failures="0" tests="1" name="BasicRequest.GET1_Request" time="9.679" errors="0" timestamp="2023-06-29T11:09:00 IST" skipped="0">
  <testcase classname="BasicRequest.GET1_Request" name="GetRequest" time="9.679"/>
  <system-out/>
</testsuite> <!-- BasicRequest.GET1_Request -->
