<?xml version="1.0" encoding="UTF-8"?>
<!-- Generated by org.testng.reporters.JUnitReportReporter -->
<testsuite hostname="DESKTOP-M4STU02" failures="0" tests="1" name="PathAndQueryParameter.QueryParameter" time="9.622" errors="0" timestamp="2023-07-03T12:36:11 IST" skipped="0">
  <testcase classname="PathAndQueryParameter.QueryParameter" name="getAllUser" time="9.622"/>
  <system-out/>
</testsuite> <!-- PathAndQueryParameter.QueryParameter -->
