<?xml version="1.0" encoding="UTF-8"?>
<!-- Generated by org.testng.reporters.JUnitReportReporter -->
<testsuite hostname="DESKTOP-M4STU02" failures="0" tests="1" name="BasicRequest.FeatchDataFromJson" time="15.298" errors="0" timestamp="2023-06-30T13:54:39 IST" skipped="0">
  <testcase classname="BasicRequest.FeatchDataFromJson" name="FeatchDetailsFromJson" time="15.298"/>
  <system-out/>
</testsuite> <!-- BasicRequest.FeatchDataFromJson -->
