<?xml version="1.0" encoding="UTF-8"?>
<!-- Generated by org.testng.reporters.JUnitReportReporter -->
<testsuite hostname="DESKTOP-M4STU02" failures="0" tests="1" name="BasicRequest.GET_Workpacecraeted" time="84.110" errors="0" timestamp="2023-06-29T12:34:33 IST" skipped="0">
  <testcase classname="BasicRequest.GET_Workpacecraeted" name="createworkpace" time="84.110"/>
  <system-out/>
</testsuite> <!-- BasicRequest.GET_Workpacecraeted -->
