<?xml version="1.0" encoding="UTF-8"?>
<!-- Generated by org.testng.reporters.JUnitReportReporter -->
<testsuite hostname="DESKTOP-M4STU02" failures="0" tests="1" name="FeatchData.DynamicDataExtraction" time="15.896" errors="0" timestamp="2023-06-30T21:19:41 IST" skipped="0">
  <testcase classname="FeatchData.DynamicDataExtraction" name="FeatchdataJson" time="15.896"/>
  <system-out/>
</testsuite> <!-- FeatchData.DynamicDataExtraction -->
