<?xml version="1.0" encoding="UTF-8"?>
<!-- Generated by org.testng.reporters.JUnitReportReporter -->
<testsuite hostname="DESKTOP-M4STU02" failures="0" tests="1" name="BasicRequest.GET_WorkpaceDetails" time="16.353" errors="0" timestamp="2023-06-29T12:42:55 IST" skipped="0">
  <testcase classname="BasicRequest.GET_WorkpaceDetails" name="getPostWOrkpace" time="16.353"/>
  <system-out/>
</testsuite> <!-- BasicRequest.GET_WorkpaceDetails -->
