<?xml version="1.0" encoding="UTF-8"?>
<!-- Generated by org.testng.reporters.JUnitReportReporter -->
<testsuite hostname="DESKTOP-M4STU02" failures="0" tests="1" name="BasicRequest.PUT_UpdatedWorkPaceDetails" time="42.253" errors="0" timestamp="2023-06-29T13:07:01 IST" skipped="0">
  <testcase classname="BasicRequest.PUT_UpdatedWorkPaceDetails" name="upadteDetails" time="42.253"/>
  <system-out/>
</testsuite> <!-- BasicRequest.PUT_UpdatedWorkPaceDetails -->
