<?xml version="1.0" encoding="UTF-8"?>
<!-- Generated by org.testng.reporters.JUnitReportReporter -->
<testsuite hostname="DESKTOP-M4STU02" failures="0" tests="1" name="SendingBodyObject.Post_complexJASON" time="15.305" errors="0" timestamp="2023-07-10T19:54:40 IST" skipped="0">
  <testcase classname="SendingBodyObject.Post_complexJASON" name="Get_Request" time="15.305"/>
  <system-out/>
</testsuite> <!-- SendingBodyObject.Post_complexJASON -->
