<?xml version="1.0" encoding="UTF-8"?>
<!-- Generated by org.testng.reporters.JUnitReportReporter -->
<testsuite hostname="DESKTOP-M4STU02" failures="0" tests="1" name="BasicRequest.DELETE_Reaquest" time="56.519" errors="0" timestamp="2023-06-29T13:35:58 IST" skipped="0">
  <testcase classname="BasicRequest.DELETE_Reaquest" name="deleteRequest" time="56.519"/>
  <system-out/>
</testsuite> <!-- BasicRequest.DELETE_Reaquest -->
