<?xml version="1.0" encoding="UTF-8"?>
<!-- Generated by org.testng.reporters.JUnitReportReporter -->
<testsuite hostname="DESKTOP-M4STU02" failures="0" tests="1" name="SendingBodyObject.Post_MockServer" time="94.538" errors="0" timestamp="2023-07-11T11:22:34 IST" skipped="0">
  <testcase classname="SendingBodyObject.Post_MockServer" name="post_Request" time="94.538"/>
  <system-out/>
</testsuite> <!-- SendingBodyObject.Post_MockServer -->
