<?xml version="1.0" encoding="UTF-8"?>
<!-- Generated by org.testng.reporters.JUnitReportReporter -->
<testsuite hostname="DESKTOP-M4STU02" failures="0" tests="1" name="AssignmentCourcePurches.CourceQue" time="7.438" errors="0" timestamp="2023-07-02T14:28:21 IST" skipped="0">
  <testcase classname="AssignmentCourcePurches.CourceQue" name="bodyValidate" time="7.438"/>
  <system-out/>
</testsuite> <!-- AssignmentCourcePurches.CourceQue -->
