<?xml version="1.0" encoding="UTF-8"?>
<!-- Generated by org.testng.reporters.JUnitReportReporter -->
<testsuite hostname="DESKTOP-M4STU02" failures="0" tests="1" name="BasicRequest.FeatchdataComplexJson" time="17.167" errors="0" timestamp="2023-06-30T14:21:37 IST" skipped="0">
  <testcase classname="BasicRequest.FeatchdataComplexJson" name="FeatchdataJson" time="17.167"/>
  <system-out/>
</testsuite> <!-- BasicRequest.FeatchdataComplexJson -->
