<?xml version="1.0" encoding="UTF-8"?>
<!-- Generated by org.testng.reporters.JUnitReportReporter -->
<testsuite hostname="DESKTOP-M4STU02" failures="0" tests="1" name="SendingBodyObject.Post_CreateWorkPace" time="27.005" errors="0" timestamp="2023-07-10T19:06:27 IST" skipped="0">
  <testcase classname="SendingBodyObject.Post_CreateWorkPace" name="getPostWOrkpace" time="27.005"/>
  <system-out/>
</testsuite> <!-- SendingBodyObject.Post_CreateWorkPace -->
