<?xml version="1.0" encoding="UTF-8"?>
<!-- Generated by org.testng.reporters.JUnitReportReporter -->
<testsuite hostname="DESKTOP-M4STU02" failures="0" tests="1" name="FeatchData.GetReadymadeDataFeatchJson" time="11.500" errors="0" timestamp="2023-06-30T21:50:01 IST" skipped="0">
  <testcase classname="FeatchData.GetReadymadeDataFeatchJson" name="readyMadeDataJson" time="11.500"/>
  <system-out/>
</testsuite> <!-- FeatchData.GetReadymadeDataFeatchJson -->
