<?xml version="1.0" encoding="UTF-8"?>
<!-- Generated by org.testng.reporters.JUnitReportReporter -->
<testsuite hostname="DESKTOP-M4STU02" failures="0" tests="1" name="BasicRequest.GET_Request" time="10.749" errors="0" timestamp="2023-06-29T11:12:45 IST" skipped="0">
  <testcase classname="BasicRequest.GET_Request" name="getAllUser" time="10.749"/>
  <system-out/>
</testsuite> <!-- BasicRequest.GET_Request -->
