<?xml version="1.0" encoding="UTF-8"?>
<!-- Generated by org.testng.reporters.JUnitReportReporter -->
<testsuite hostname="DESKTOP-M4STU02" failures="0" tests="1" name="PathAndQueryParameter.multipleQueryParameter" time="29.769" errors="0" timestamp="2023-07-03T12:35:19 IST" skipped="0">
  <testcase classname="PathAndQueryParameter.multipleQueryParameter" name="getAllUser" time="29.769"/>
  <system-out/>
</testsuite> <!-- PathAndQueryParameter.multipleQueryParameter -->
