<?xml version="1.0" encoding="UTF-8"?>
<!-- Generated by org.testng.reporters.JUnitReportReporter -->
<testsuite hostname="DESKTOP-M4STU02" failures="0" tests="2" name="BasicRequest.POST_GetUserSwagger" time="24.175" errors="0" timestamp="2023-07-02T11:23:17 IST" skipped="0">
  <testcase classname="BasicRequest.POST_GetUserSwagger" name="createUser" time="22.284"/>
  <system-out/>
  <testcase classname="BasicRequest.POST_GetUserSwagger" name="getUserDetails" time="1.891"/>
  <system-out/>
</testsuite> <!-- BasicRequest.POST_GetUserSwagger -->
