<?xml version="1.0" encoding="UTF-8"?>
<!-- Generated by org.testng.reporters.JUnitReportReporter -->
<testsuite hostname="DESKTOP-M4STU02" failures="0" tests="1" name="BasicRequest.HEAD_Request" time="11.809" errors="0" timestamp="2023-06-29T14:05:46 IST" skipped="0">
  <testcase classname="BasicRequest.HEAD_Request" name="Haeadrequest" time="11.809"/>
  <system-out/>
</testsuite> <!-- BasicRequest.HEAD_Request -->
