<?xml version="1.0" encoding="UTF-8"?>
<!-- Generated by org.testng.reporters.JUnitReportReporter -->
<testsuite hostname="DESKTOP-M4STU02" failures="0" tests="1" name="ResponceRequestSpecBuilder.ReqResSpecBuilder" time="10.738" errors="0" timestamp="2023-07-02T21:48:30 IST" skipped="0">
  <testcase classname="ResponceRequestSpecBuilder.ReqResSpecBuilder" name="getPostWOrkpace" time="10.738"/>
  <system-out/>
</testsuite> <!-- ResponceRequestSpecBuilder.ReqResSpecBuilder -->
