<?xml version="1.0" encoding="UTF-8"?>
<!-- Generated by org.testng.reporters.JUnitReportReporter -->
<testsuite hostname="DESKTOP-M4STU02" failures="0" tests="1" name="BasicRequest.GET_Workpace" time="34.685" errors="0" timestamp="2023-07-02T21:10:40 IST" skipped="0">
  <testcase classname="BasicRequest.GET_Workpace" name="getPostWOrkpace" time="34.685"/>
  <system-out/>
</testsuite> <!-- BasicRequest.GET_Workpace -->
