<?xml version="1.0" encoding="UTF-8"?>
<!-- Generated by org.testng.reporters.JUnitReportReporter -->
<testsuite hostname="DESKTOP-M4STU02" failures="0" tests="2" name="ResponceRequestSpecBuilder.ReqAndResSpecBuilDer1" time="10.038" errors="0" timestamp="2023-07-02T23:06:34 IST" skipped="0">
  <testcase classname="ResponceRequestSpecBuilder.ReqAndResSpecBuilDer1" name="getPostWOrkpace" time="7.757"/>
  <system-out/>
  <testcase classname="ResponceRequestSpecBuilder.ReqAndResSpecBuilDer1" name="getSingleBody" time="2.281"/>
  <system-out/>
</testsuite> <!-- ResponceRequestSpecBuilder.ReqAndResSpecBuilDer1 -->
