<?xml version="1.0" encoding="UTF-8"?>
<!-- Generated by org.testng.reporters.JUnitReportReporter -->
<testsuite hostname="DESKTOP-M4STU02" failures="0" tests="1" name="AssertionUsage.ApplyAserrtion" time="19.116" errors="0" timestamp="2023-07-02T12:43:58 IST" skipped="0">
  <testcase classname="AssertionUsage.ApplyAserrtion" name="applyAssertion" time="19.116"/>
  <system-out/>
</testsuite> <!-- AssertionUsage.ApplyAserrtion -->
