<?xml version="1.0" encoding="UTF-8"?>
<!-- Generated by org.testng.reporters.JUnitReportReporter -->
<testsuite hostname="DESKTOP-M4STU02" failures="0" tests="1" name="PathAndQueryParameter.PathParameter" time="27.339" errors="0" timestamp="2023-07-04T21:56:40 IST" skipped="0">
  <testcase classname="PathAndQueryParameter.PathParameter" name="getAllUser" time="27.339"/>
  <system-out/>
</testsuite> <!-- PathAndQueryParameter.PathParameter -->
