<?xml version="1.0" encoding="UTF-8"?>
<!-- Generated by org.testng.reporters.JUnitReportReporter -->
<testsuite hostname="DESKTOP-M4STU02" failures="0" tests="1" name="SendingBodyObject.Post_ComplexJSONRequest" time="14.589" errors="1" timestamp="2023-07-13T15:12:53 IST" skipped="0">
  <testcase classname="SendingBodyObject.Post_ComplexJSONRequest" name="PostRequest" time="14.589">
    <error type="java.lang.StackOverflowError">
      <![CDATA[java.lang.StackOverflowError
at com.fasterxml.jackson.databind.util.internal.PrivateMaxEntriesMap.applyRead(PrivateMaxEntriesMap.java:432)
at com.fasterxml.jackson.databind.util.internal.PrivateMaxEntriesMap.drainReadBuffer(PrivateMaxEntriesMap.java:419)
at com.fasterxml.jackson.databind.util.internal.PrivateMaxEntriesMap.drainReadBuffers(PrivateMaxEntriesMap.java:402)
at com.fasterxml.jackson.databind.util.internal.PrivateMaxEntriesMap.drainBuffers(PrivateMaxEntriesMap.java:392)
at com.fasterxml.jackson.databind.util.internal.PrivateMaxEntriesMap.tryToDrainBuffers(PrivateMaxEntriesMap.java:381)
at com.fasterxml.jackson.databind.util.internal.PrivateMaxEntriesMap.drainOnReadIfNeeded(PrivateMaxEntriesMap.java:358)
at com.fasterxml.jackson.databind.util.internal.PrivateMaxEntriesMap.afterRead(PrivateMaxEntriesMap.java:315)
at com.fasterxml.jackson.databind.util.internal.PrivateMaxEntriesMap.get(PrivateMaxEntriesMap.java:622)
at com.fasterxml.jackson.databind.util.LRUMap.get(LRUMap.java:63)
at com.fasterxml.jackson.databind.ser.SerializerCache.untypedValueSerializer(SerializerCache.java:97)
at com.fasterxml.jackson.databind.SerializerProvider.findContentValueSerializer(SerializerProvider.java:785)
at com.fasterxml.jackson.databind.ser.impl.PropertySerializerMap.findAndAddSecondarySerializer(PropertySerializerMap.java:90)
at com.fasterxml.jackson.databind.ser.std.MapSerializer._findAndAddDynamic(MapSerializer.java:1143)
at com.fasterxml.jackson.databind.ser.std.MapSerializer._findSerializer(MapSerializer.java:1252)
at com.fasterxml.jackson.databind.ser.std.MapSerializer.serializeFields(MapSerializer.java:806)
at com.fasterxml.jackson.databind.ser.std.MapSerializer.serializeWithoutTypeInfo(MapSerializer.java:764)
at com.fasterxml.jackson.databind.ser.std.MapSerializer.serialize(MapSerializer.java:720)
at com.fasterxml.jackson.databind.ser.std.MapSerializer.serialize(MapSerializer.java:35)
at com.fasterxml.jackson.databind.ser.std.MapSerializer.serializeFields(MapSerializer.java:808)
at com.fasterxml.jackson.databind.ser.std.MapSerializer.serializeWithoutTypeInfo(MapSerializer.java:764)
at com.fasterxml.jackson.databind.ser.std.MapSerializer.serialize(MapSerializer.java:720)
at com.fasterxml.jackson.databind.ser.std.MapSerializer.serialize(MapSerializer.java:35)
at com.fasterxml.jackson.databind.ser.std.MapSerializer.serializeFields(MapSerializer.java:808)
at com.fasterxml.jackson.databind.ser.std.MapSerializer.serializeWithoutTypeInfo(MapSerializer.java:764)
at com.fasterxml.jackson.databind.ser.std.MapSerializer.serialize(MapSerializer.java:720)
at com.fasterxml.jackson.databind.ser.std.MapSerializer.serialize(MapSerializer.java:35)
at com.fasterxml.jackson.databind.ser.std.MapSerializer.serializeFields(MapSerializer.java:808)
at com.fasterxml.jackson.databind.ser.std.MapSerializer.serializeWithoutTypeInfo(MapSerializer.java:764)
at com.fasterxml.jackson.databind.ser.std.MapSerializer.serialize(MapSerializer.java:720)
at com.fasterxml.jackson.databind.ser.std.MapSerializer.serialize(MapSerializer.java:35)
at com.fasterxml.jackson.databind.ser.std.MapSerializer.serializeFields(MapSerializer.java:808)
at com.fasterxml.jackson.databind.ser.std.MapSerializer.serializeWithoutTypeInfo(MapSerializer.java:764)
at com.fasterxml.jackson.databind.ser.std.MapSerializer.serialize(MapSerializer.java:720)
at com.fasterxml.jackson.databind.ser.std.MapSerializer.serialize(MapSerializer.java:35)
at com.fasterxml.jackson.databind.ser.std.MapSerializer.serializeFields(MapSerializer.java:808)
at com.fasterxml.jackson.databind.ser.std.MapSerializer.serializeWithoutTypeInfo(MapSerializer.java:764)
at com.fasterxml.jackson.databind.ser.std.MapSerializer.serialize(MapSerializer.java:720)
at com.fasterxml.jackson.databind.ser.std.MapSerializer.serialize(MapSerializer.java:35)
at com.fasterxml.jackson.databind.ser.std.MapSerializer.serializeFields(MapSerializer.java:808)
at com.fasterxml.jackson.databind.ser.std.MapSerializer.serializeWithoutTypeInfo(MapSerializer.java:764)
at com.fasterxml.jackson.databind.ser.std.MapSerializer.serialize(MapSerializer.java:720)
at com.fasterxml.jackson.databind.ser.std.MapSerializer.serialize(MapSerializer.java:35)
at com.fasterxml.jackson.databind.ser.std.MapSerializer.serializeFields(MapSerializer.java:808)
at com.fasterxml.jackson.databind.ser.std.MapSerializer.serializeWithoutTypeInfo(MapSerializer.java:764)
at com.fasterxml.jackson.databind.ser.std.MapSerializer.serialize(MapSerializer.java:720)
at com.fasterxml.jackson.databind.ser.std.MapSerializer.serialize(MapSerializer.java:35)
at com.fasterxml.jackson.databind.ser.std.MapSerializer.serializeFields(MapSerializer.java:808)
at com.fasterxml.jackson.databind.ser.std.MapSerializer.serializeWithoutTypeInfo(MapSerializer.java:764)
at com.fasterxml.jackson.databind.ser.std.MapSerializer.serialize(MapSerializer.java:720)
at com.fasterxml.jackson.databind.ser.std.MapSerializer.serialize(MapSerializer.java:35)
at com.fasterxml.jackson.databind.ser.std.MapSerializer.serializeFields(MapSerializer.java:808)
at com.fasterxml.jackson.databind.ser.std.MapSerializer.serializeWithoutTypeInfo(MapSerializer.java:764)
at com.fasterxml.jackson.databind.ser.std.MapSerializer.serialize(MapSerializer.java:720)
at com.fasterxml.jackson.databind.ser.std.MapSerializer.serialize(MapSerializer.java:35)
at com.fasterxml.jackson.databind.ser.std.MapSerializer.serializeFields(MapSerializer.java:808)
at com.fasterxml.jackson.databind.ser.std.MapSerializer.serializeWithoutTypeInfo(MapSerializer.java:764)
at com.fasterxml.jackson.databind.ser.std.MapSerializer.serialize(MapSerializer.java:720)
at com.fasterxml.jackson.databind.ser.std.MapSerializer.serialize(MapSerializer.java:35)
at com.fasterxml.jackson.databind.ser.std.MapSerializer.serializeFields(MapSerializer.java:808)
at com.fasterxml.jackson.databind.ser.std.MapSerializer.serializeWithoutTypeInfo(MapSerializer.java:764)
at com.fasterxml.jackson.databind.ser.std.MapSerializer.serialize(MapSerializer.java:720)
at com.fasterxml.jackson.databind.ser.std.MapSerializer.serialize(MapSerializer.java:35)
at com.fasterxml.jackson.databind.ser.std.MapSerializer.serializeFields(MapSerializer.java:808)
at com.fasterxml.jackson.databind.ser.std.MapSerializer.serializeWithoutTypeInfo(MapSerializer.java:764)
at com.fasterxml.jackson.databind.ser.std.MapSerializer.serialize(MapSerializer.java:720)
at com.fasterxml.jackson.databind.ser.std.MapSerializer.serialize(MapSerializer.java:35)
at com.fasterxml.jackson.databind.ser.std.MapSerializer.serializeFields(MapSerializer.java:808)
at com.fasterxml.jackson.databind.ser.std.MapSerializer.serializeWithoutTypeInfo(MapSerializer.java:764)
at com.fasterxml.jackson.databind.ser.std.MapSerializer.serialize(MapSerializer.java:720)
at com.fasterxml.jackson.databind.ser.std.MapSerializer.serialize(MapSerializer.java:35)
at com.fasterxml.jackson.databind.ser.std.MapSerializer.serializeFields(MapSerializer.java:808)
at com.fasterxml.jackson.databind.ser.std.MapSerializer.serializeWithoutTypeInfo(MapSerializer.java:764)
at com.fasterxml.jackson.databind.ser.std.MapSerializer.serialize(MapSerializer.java:720)
at com.fasterxml.jackson.databind.ser.std.MapSerializer.serialize(MapSerializer.java:35)
at com.fasterxml.jackson.databind.ser.std.MapSerializer.serializeFields(MapSerializer.java:808)
at com.fasterxml.jackson.databind.ser.std.MapSerializer.serializeWithoutTypeInfo(MapSerializer.java:764)
at com.fasterxml.jackson.databind.ser.std.MapSerializer.serialize(MapSerializer.java:720)
at com.fasterxml.jackson.databind.ser.std.MapSerializer.serialize(MapSerializer.java:35)
at com.fasterxml.jackson.databind.ser.std.MapSerializer.serializeFields(MapSerializer.java:808)
at com.fasterxml.jackson.databind.ser.std.MapSerializer.serializeWithoutTypeInfo(MapSerializer.java:764)
at com.fasterxml.jackson.databind.ser.std.MapSerializer.serialize(MapSerializer.java:720)
at com.fasterxml.jackson.databind.ser.std.MapSerializer.serialize(MapSerializer.java:35)
at com.fasterxml.jackson.databind.ser.std.MapSerializer.serializeFields(MapSerializer.java:808)
at com.fasterxml.jackson.databind.ser.std.MapSerializer.serializeWithoutTypeInfo(MapSerializer.java:764)
at com.fasterxml.jackson.databind.ser.std.MapSerializer.serialize(MapSerializer.java:720)
at com.fasterxml.jackson.databind.ser.std.MapSerializer.serialize(MapSerializer.java:35)
at com.fasterxml.jackson.databind.ser.std.MapSerializer.serializeFields(MapSerializer.java:808)
at com.fasterxml.jackson.databind.ser.std.MapSerializer.serializeWithoutTypeInfo(MapSerializer.java:764)
at com.fasterxml.jackson.databind.ser.std.MapSerializer.serialize(MapSerializer.java:720)
at com.fasterxml.jackson.databind.ser.std.MapSerializer.serialize(MapSerializer.java:35)
at com.fasterxml.jackson.databind.ser.std.MapSerializer.serializeFields(MapSerializer.java:808)
at com.fasterxml.jackson.databind.ser.std.MapSerializer.serializeWithoutTypeInfo(MapSerializer.java:764)
at com.fasterxml.jackson.databind.ser.std.MapSerializer.serialize(MapSerializer.java:720)
at com.fasterxml.jackson.databind.ser.std.MapSerializer.serialize(MapSerializer.java:35)
at com.fasterxml.jackson.databind.ser.std.MapSerializer.serializeFields(MapSerializer.java:808)
at com.fasterxml.jackson.databind.ser.std.MapSerializer.serializeWithoutTypeInfo(MapSerializer.java:764)
at com.fasterxml.jackson.databind.ser.std.MapSerializer.serialize(MapSerializer.java:720)
at com.fasterxml.jackson.databind.ser.std.MapSerializer.serialize(MapSerializer.java:35)
at com.fasterxml.jackson.databind.ser.std.MapSerializer.serializeFields(MapSerializer.java:808)
at com.fasterxml.jackson.databind.ser.std.MapSerializer.serializeWithoutTypeInfo(MapSerializer.java:764)
at com.fasterxml.jackson.databind.ser.std.MapSerializer.serialize(MapSerializer.java:720)
at com.fasterxml.jackson.databind.ser.std.MapSerializer.serialize(MapSerializer.java:35)
at com.fasterxml.jackson.databind.ser.std.MapSerializer.serializeFields(MapSerializer.java:808)
at com.fasterxml.jackson.databind.ser.std.MapSerializer.serializeWithoutTypeInfo(MapSerializer.java:764)
at com.fasterxml.jackson.databind.ser.std.MapSerializer.serialize(MapSerializer.java:720)
at com.fasterxml.jackson.databind.ser.std.MapSerializer.serialize(MapSerializer.java:35)
at com.fasterxml.jackson.databind.ser.std.MapSerializer.serializeFields(MapSerializer.java:808)
at com.fasterxml.jackson.databind.ser.std.MapSerializer.serializeWithoutTypeInfo(MapSerializer.java:764)
at com.fasterxml.jackson.databind.ser.std.MapSerializer.serialize(MapSerializer.java:720)
at com.fasterxml.jackson.databind.ser.std.MapSerializer.serialize(MapSerializer.java:35)
at com.fasterxml.jackson.databind.ser.std.MapSerializer.serializeFields(MapSerializer.java:808)
at com.fasterxml.jackson.databind.ser.std.MapSerializer.serializeWithoutTypeInfo(MapSerializer.java:764)
at com.fasterxml.jackson.databind.ser.std.MapSerializer.serialize(MapSerializer.java:720)
at com.fasterxml.jackson.databind.ser.std.MapSerializer.serialize(MapSerializer.java:35)
at com.fasterxml.jackson.databind.ser.std.MapSerializer.serializeFields(MapSerializer.java:808)
at com.fasterxml.jackson.databind.ser.std.MapSerializer.serializeWithoutTypeInfo(MapSerializer.java:764)
at com.fasterxml.jackson.databind.ser.std.MapSerializer.serialize(MapSerializer.java:720)
at com.fasterxml.jackson.databind.ser.std.MapSerializer.serialize(MapSerializer.java:35)
at com.fasterxml.jackson.databind.ser.std.MapSerializer.serializeFields(MapSerializer.java:808)
at com.fasterxml.jackson.databind.ser.std.MapSerializer.serializeWithoutTypeInfo(MapSerializer.java:764)
at com.fasterxml.jackson.databind.ser.std.MapSerializer.serialize(MapSerializer.java:720)
at com.fasterxml.jackson.databind.ser.std.MapSerializer.serialize(MapSerializer.java:35)
at com.fasterxml.jackson.databind.ser.std.MapSerializer.serializeFields(MapSerializer.java:808)
at com.fasterxml.jackson.databind.ser.std.MapSerializer.serializeWithoutTypeInfo(MapSerializer.java:764)
at com.fasterxml.jackson.databind.ser.std.MapSerializer.serialize(MapSerializer.java:720)
at com.fasterxml.jackson.databind.ser.std.MapSerializer.serialize(MapSerializer.java:35)
at com.fasterxml.jackson.databind.ser.std.MapSerializer.serializeFields(MapSerializer.java:808)
at com.fasterxml.jackson.databind.ser.std.MapSerializer.serializeWithoutTypeInfo(MapSerializer.java:764)
at com.fasterxml.jackson.databind.ser.std.MapSerializer.serialize(MapSerializer.java:720)
at com.fasterxml.jackson.databind.ser.std.MapSerializer.serialize(MapSerializer.java:35)
at com.fasterxml.jackson.databind.ser.std.MapSerializer.serializeFields(MapSerializer.java:808)
at com.fasterxml.jackson.databind.ser.std.MapSerializer.serializeWithoutTypeInfo(MapSerializer.java:764)
at com.fasterxml.jackson.databind.ser.std.MapSerializer.serialize(MapSerializer.java:720)
at com.fasterxml.jackson.databind.ser.std.MapSerializer.serialize(MapSerializer.java:35)
at com.fasterxml.jackson.databind.ser.std.MapSerializer.serializeFields(MapSerializer.java:808)
at com.fasterxml.jackson.databind.ser.std.MapSerializer.serializeWithoutTypeInfo(MapSerializer.java:764)
at com.fasterxml.jackson.databind.ser.std.MapSerializer.serialize(MapSerializer.java:720)
at com.fasterxml.jackson.databind.ser.std.MapSerializer.serialize(MapSerializer.java:35)
at com.fasterxml.jackson.databind.ser.std.MapSerializer.serializeFields(MapSerializer.java:808)
at com.fasterxml.jackson.databind.ser.std.MapSerializer.serializeWithoutTypeInfo(MapSerializer.java:764)
at com.fasterxml.jackson.databind.ser.std.MapSerializer.serialize(MapSerializer.java:720)
at com.fasterxml.jackson.databind.ser.std.MapSerializer.serialize(MapSerializer.java:35)
at com.fasterxml.jackson.databind.ser.std.MapSerializer.serializeFields(MapSerializer.java:808)
at com.fasterxml.jackson.databind.ser.std.MapSerializer.serializeWithoutTypeInfo(MapSerializer.java:764)
at com.fasterxml.jackson.databind.ser.std.MapSerializer.serialize(MapSerializer.java:720)
at com.fasterxml.jackson.databind.ser.std.MapSerializer.serialize(MapSerializer.java:35)
at com.fasterxml.jackson.databind.ser.std.MapSerializer.serializeFields(MapSerializer.java:808)
at com.fasterxml.jackson.databind.ser.std.MapSerializer.serializeWithoutTypeInfo(MapSerializer.java:764)
at com.fasterxml.jackson.databind.ser.std.MapSerializer.serialize(MapSerializer.java:720)
at com.fasterxml.jackson.databind.ser.std.MapSerializer.serialize(MapSerializer.java:35)
at com.fasterxml.jackson.databind.ser.std.MapSerializer.serializeFields(MapSerializer.java:808)
at com.fasterxml.jackson.databind.ser.std.MapSerializer.serializeWithoutTypeInfo(MapSerializer.java:764)
at com.fasterxml.jackson.databind.ser.std.MapSerializer.serialize(MapSerializer.java:720)
at com.fasterxml.jackson.databind.ser.std.MapSerializer.serialize(MapSerializer.java:35)
at com.fasterxml.jackson.databind.ser.std.MapSerializer.serializeFields(MapSerializer.java:808)
at com.fasterxml.jackson.databind.ser.std.MapSerializer.serializeWithoutTypeInfo(MapSerializer.java:764)
at com.fasterxml.jackson.databind.ser.std.MapSerializer.serialize(MapSerializer.java:720)
at com.fasterxml.jackson.databind.ser.std.MapSerializer.serialize(MapSerializer.java:35)
at com.fasterxml.jackson.databind.ser.std.MapSerializer.serializeFields(MapSerializer.java:808)
at com.fasterxml.jackson.databind.ser.std.MapSerializer.serializeWithoutTypeInfo(MapSerializer.java:764)
at com.fasterxml.jackson.databind.ser.std.MapSerializer.serialize(MapSerializer.java:720)
at com.fasterxml.jackson.databind.ser.std.MapSerializer.serialize(MapSerializer.java:35)
at com.fasterxml.jackson.databind.ser.std.MapSerializer.serializeFields(MapSerializer.java:808)
at com.fasterxml.jackson.databind.ser.std.MapSerializer.serializeWithoutTypeInfo(MapSerializer.java:764)
at com.fasterxml.jackson.databind.ser.std.MapSerializer.serialize(MapSerializer.java:720)
at com.fasterxml.jackson.databind.ser.std.MapSerializer.serialize(MapSerializer.java:35)
at com.fasterxml.jackson.databind.ser.std.MapSerializer.serializeFields(MapSerializer.java:808)
at com.fasterxml.jackson.databind.ser.std.MapSerializer.serializeWithoutTypeInfo(MapSerializer.java:764)
at com.fasterxml.jackson.databind.ser.std.MapSerializer.serialize(MapSerializer.java:720)
at com.fasterxml.jackson.databind.ser.std.MapSerializer.serialize(MapSerializer.java:35)
at com.fasterxml.jackson.databind.ser.std.MapSerializer.serializeFields(MapSerializer.java:808)
at com.fasterxml.jackson.databind.ser.std.MapSerializer.serializeWithoutTypeInfo(MapSerializer.java:764)
at com.fasterxml.jackson.databind.ser.std.MapSerializer.serialize(MapSerializer.java:720)
at com.fasterxml.jackson.databind.ser.std.MapSerializer.serialize(MapSerializer.java:35)
at com.fasterxml.jackson.databind.ser.std.MapSerializer.serializeFields(MapSerializer.java:808)
at com.fasterxml.jackson.databind.ser.std.MapSerializer.serializeWithoutTypeInfo(MapSerializer.java:764)
at com.fasterxml.jackson.databind.ser.std.MapSerializer.serialize(MapSerializer.java:720)
at com.fasterxml.jackson.databind.ser.std.MapSerializer.serialize(MapSerializer.java:35)
at com.fasterxml.jackson.databind.ser.std.MapSerializer.serializeFields(MapSerializer.java:808)
at com.fasterxml.jackson.databind.ser.std.MapSerializer.serializeWithoutTypeInfo(MapSerializer.java:764)
at com.fasterxml.jackson.databind.ser.std.MapSerializer.serialize(MapSerializer.java:720)
at com.fasterxml.jackson.databind.ser.std.MapSerializer.serialize(MapSerializer.java:35)
at com.fasterxml.jackson.databind.ser.std.MapSerializer.serializeFields(MapSerializer.java:808)
at com.fasterxml.jackson.databind.ser.std.MapSerializer.serializeWithoutTypeInfo(MapSerializer.java:764)
at com.fasterxml.jackson.databind.ser.std.MapSerializer.serialize(MapSerializer.java:720)
at com.fasterxml.jackson.databind.ser.std.MapSerializer.serialize(MapSerializer.java:35)
at com.fasterxml.jackson.databind.ser.std.MapSerializer.serializeFields(MapSerializer.java:808)
at com.fasterxml.jackson.databind.ser.std.MapSerializer.serializeWithoutTypeInfo(MapSerializer.java:764)
at com.fasterxml.jackson.databind.ser.std.MapSerializer.serialize(MapSerializer.java:720)
at com.fasterxml.jackson.databind.ser.std.MapSerializer.serialize(MapSerializer.java:35)
at com.fasterxml.jackson.databind.ser.std.MapSerializer.serializeFields(MapSerializer.java:808)
at com.fasterxml.jackson.databind.ser.std.MapSerializer.serializeWithoutTypeInfo(MapSerializer.java:764)
at com.fasterxml.jackson.databind.ser.std.MapSerializer.serialize(MapSerializer.java:720)
at com.fasterxml.jackson.databind.ser.std.MapSerializer.serialize(MapSerializer.java:35)
at com.fasterxml.jackson.databind.ser.std.MapSerializer.serializeFields(MapSerializer.java:808)
at com.fasterxml.jackson.databind.ser.std.MapSerializer.serializeWithoutTypeInfo(MapSerializer.java:764)
at com.fasterxml.jackson.databind.ser.std.MapSerializer.serialize(MapSerializer.java:720)
at com.fasterxml.jackson.databind.ser.std.MapSerializer.serialize(MapSerializer.java:35)
at com.fasterxml.jackson.databind.ser.std.MapSerializer.serializeFields(MapSerializer.java:808)
at com.fasterxml.jackson.databind.ser.std.MapSerializer.serializeWithoutTypeInfo(MapSerializer.java:764)
at com.fasterxml.jackson.databind.ser.std.MapSerializer.serialize(MapSerializer.java:720)
at com.fasterxml.jackson.databind.ser.std.MapSerializer.serialize(MapSerializer.java:35)
at com.fasterxml.jackson.databind.ser.std.MapSerializer.serializeFields(MapSerializer.java:808)
at com.fasterxml.jackson.databind.ser.std.MapSerializer.serializeWithoutTypeInfo(MapSerializer.java:764)
at com.fasterxml.jackson.databind.ser.std.MapSerializer.serialize(MapSerializer.java:720)
at com.fasterxml.jackson.databind.ser.std.MapSerializer.serialize(MapSerializer.java:35)
at com.fasterxml.jackson.databind.ser.std.MapSerializer.serializeFields(MapSerializer.java:808)
at com.fasterxml.jackson.databind.ser.std.MapSerializer.serializeWithoutTypeInfo(MapSerializer.java:764)
at com.fasterxml.jackson.databind.ser.std.MapSerializer.serialize(MapSerializer.java:720)
at com.fasterxml.jackson.databind.ser.std.MapSerializer.serialize(MapSerializer.java:35)
at com.fasterxml.jackson.databind.ser.std.MapSerializer.serializeFields(MapSerializer.java:808)
at com.fasterxml.jackson.databind.ser.std.MapSerializer.serializeWithoutTypeInfo(MapSerializer.java:764)
at com.fasterxml.jackson.databind.ser.std.MapSerializer.serialize(MapSerializer.java:720)
at com.fasterxml.jackson.databind.ser.std.MapSerializer.serialize(MapSerializer.java:35)
at com.fasterxml.jackson.databind.ser.std.MapSerializer.serializeFields(MapSerializer.java:808)
at com.fasterxml.jackson.databind.ser.std.MapSerializer.serializeWithoutTypeInfo(MapSerializer.java:764)
at com.fasterxml.jackson.databind.ser.std.MapSerializer.serialize(MapSerializer.java:720)
at com.fasterxml.jackson.databind.ser.std.MapSerializer.serialize(MapSerializer.java:35)
at com.fasterxml.jackson.databind.ser.std.MapSerializer.serializeFields(MapSerializer.java:808)
at com.fasterxml.jackson.databind.ser.std.MapSerializer.serializeWithoutTypeInfo(MapSerializer.java:764)
at com.fasterxml.jackson.databind.ser.std.MapSerializer.serialize(MapSerializer.java:720)
at com.fasterxml.jackson.databind.ser.std.MapSerializer.serialize(MapSerializer.java:35)
at com.fasterxml.jackson.databind.ser.std.MapSerializer.serializeFields(MapSerializer.java:808)
at com.fasterxml.jackson.databind.ser.std.MapSerializer.serializeWithoutTypeInfo(MapSerializer.java:764)
at com.fasterxml.jackson.databind.ser.std.MapSerializer.serialize(MapSerializer.java:720)
at com.fasterxml.jackson.databind.ser.std.MapSerializer.serialize(MapSerializer.java:35)
at com.fasterxml.jackson.databind.ser.std.MapSerializer.serializeFields(MapSerializer.java:808)
at com.fasterxml.jackson.databind.ser.std.MapSerializer.serializeWithoutTypeInfo(MapSerializer.java:764)
at com.fasterxml.jackson.databind.ser.std.MapSerializer.serialize(MapSerializer.java:720)
at com.fasterxml.jackson.databind.ser.std.MapSerializer.serialize(MapSerializer.java:35)
at com.fasterxml.jackson.databind.ser.std.MapSerializer.serializeFields(MapSerializer.java:808)
at com.fasterxml.jackson.databind.ser.std.MapSerializer.serializeWithoutTypeInfo(MapSerializer.java:764)
at com.fasterxml.jackson.databind.ser.std.MapSerializer.serialize(MapSerializer.java:720)
at com.fasterxml.jackson.databind.ser.std.MapSerializer.serialize(MapSerializer.java:35)
at com.fasterxml.jackson.databind.ser.std.MapSerializer.serializeFields(MapSerializer.java:808)
at com.fasterxml.jackson.databind.ser.std.MapSerializer.serializeWithoutTypeInfo(MapSerializer.java:764)
at com.fasterxml.jackson.databind.ser.std.MapSerializer.serialize(MapSerializer.java:720)
at com.fasterxml.jackson.databind.ser.std.MapSerializer.serialize(MapSerializer.java:35)
at com.fasterxml.jackson.databind.ser.std.MapSerializer.serializeFields(MapSerializer.java:808)
at com.fasterxml.jackson.databind.ser.std.MapSerializer.serializeWithoutTypeInfo(MapSerializer.java:764)
at com.fasterxml.jackson.databind.ser.std.MapSerializer.serialize(MapSerializer.java:720)
at com.fasterxml.jackson.databind.ser.std.MapSerializer.serialize(MapSerializer.java:35)
at com.fasterxml.jackson.databind.ser.std.MapSerializer.serializeFields(MapSerializer.java:808)
at com.fasterxml.jackson.databind.ser.std.MapSerializer.serializeWithoutTypeInfo(MapSerializer.java:764)
at com.fasterxml.jackson.databind.ser.std.MapSerializer.serialize(MapSerializer.java:720)
at com.fasterxml.jackson.databind.ser.std.MapSerializer.serialize(MapSerializer.java:35)
at com.fasterxml.jackson.databind.ser.std.MapSerializer.serializeFields(MapSerializer.java:808)
at com.fasterxml.jackson.databind.ser.std.MapSerializer.serializeWithoutTypeInfo(MapSerializer.java:764)
at com.fasterxml.jackson.databind.ser.std.MapSerializer.serialize(MapSerializer.java:720)
at com.fasterxml.jackson.databind.ser.std.MapSerializer.serialize(MapSerializer.java:35)
at com.fasterxml.jackson.databind.ser.std.MapSerializer.serializeFields(MapSerializer.java:808)
at com.fasterxml.jackson.databind.ser.std.MapSerializer.serializeWithoutTypeInfo(MapSerializer.java:764)
at com.fasterxml.jackson.databind.ser.std.MapSerializer.serialize(MapSerializer.java:720)
at com.fasterxml.jackson.databind.ser.std.MapSerializer.serialize(MapSerializer.java:35)
at com.fasterxml.jackson.databind.ser.std.MapSerializer.serializeFields(MapSerializer.java:808)
at com.fasterxml.jackson.databind.ser.std.MapSerializer.serializeWithoutTypeInfo(MapSerializer.java:764)
at com.fasterxml.jackson.databind.ser.std.MapSerializer.serialize(MapSerializer.java:720)
at com.fasterxml.jackson.databind.ser.std.MapSerializer.serialize(MapSerializer.java:35)
at com.fasterxml.jackson.databind.ser.std.MapSerializer.serializeFields(MapSerializer.java:808)
at com.fasterxml.jackson.databind.ser.std.MapSerializer.serializeWithoutTypeInfo(MapSerializer.java:764)
at com.fasterxml.jackson.databind.ser.std.MapSerializer.serialize(MapSerializer.java:720)
at com.fasterxml.jackson.databind.ser.std.MapSerializer.serialize(MapSerializer.java:35)
at com.fasterxml.jackson.databind.ser.std.MapSerializer.serializeFields(MapSerializer.java:808)
at com.fasterxml.jackson.databind.ser.std.MapSerializer.serializeWithoutTypeInfo(MapSerializer.java:764)
at com.fasterxml.jackson.databind.ser.std.MapSerializer.serialize(MapSerializer.java:720)
at com.fasterxml.jackson.databind.ser.std.MapSerializer.serialize(MapSerializer.java:35)
at com.fasterxml.jackson.databind.ser.std.MapSerializer.serializeFields(MapSerializer.java:808)
at com.fasterxml.jackson.databind.ser.std.MapSerializer.serializeWithoutTypeInfo(MapSerializer.java:764)
at com.fasterxml.jackson.databind.ser.std.MapSerializer.serialize(MapSerializer.java:720)
at com.fasterxml.jackson.databind.ser.std.MapSerializer.serialize(MapSerializer.java:35)
at com.fasterxml.jackson.databind.ser.std.MapSerializer.serializeFields(MapSerializer.java:808)
at com.fasterxml.jackson.databind.ser.std.MapSerializer.serializeWithoutTypeInfo(MapSerializer.java:764)
at com.fasterxml.jackson.databind.ser.std.MapSerializer.serialize(MapSerializer.java:720)
at com.fasterxml.jackson.databind.ser.std.MapSerializer.serialize(MapSerializer.java:35)
at com.fasterxml.jackson.databind.ser.std.MapSerializer.serializeFields(MapSerializer.java:808)
at com.fasterxml.jackson.databind.ser.std.MapSerializer.serializeWithoutTypeInfo(MapSerializer.java:764)
at com.fasterxml.jackson.databind.ser.std.MapSerializer.serialize(MapSerializer.java:720)
at com.fasterxml.jackson.databind.ser.std.MapSerializer.serialize(MapSerializer.java:35)
at com.fasterxml.jackson.databind.ser.std.MapSerializer.serializeFields(MapSerializer.java:808)
at com.fasterxml.jackson.databind.ser.std.MapSerializer.serializeWithoutTypeInfo(MapSerializer.java:764)
at com.fasterxml.jackson.databind.ser.std.MapSerializer.serialize(MapSerializer.java:720)
at com.fasterxml.jackson.databind.ser.std.MapSerializer.serialize(MapSerializer.java:35)
at com.fasterxml.jackson.databind.ser.std.MapSerializer.serializeFields(MapSerializer.java:808)
at com.fasterxml.jackson.databind.ser.std.MapSerializer.serializeWithoutTypeInfo(MapSerializer.java:764)
at com.fasterxml.jackson.databind.ser.std.MapSerializer.serialize(MapSerializer.java:720)
at com.fasterxml.jackson.databind.ser.std.MapSerializer.serialize(MapSerializer.java:35)
at com.fasterxml.jackson.databind.ser.std.MapSerializer.serializeFields(MapSerializer.java:808)
at com.fasterxml.jackson.databind.ser.std.MapSerializer.serializeWithoutTypeInfo(MapSerializer.java:764)
at com.fasterxml.jackson.databind.ser.std.MapSerializer.serialize(MapSerializer.java:720)
at com.fasterxml.jackson.databind.ser.std.MapSerializer.serialize(MapSerializer.java:35)
at com.fasterxml.jackson.databind.ser.std.MapSerializer.serializeFields(MapSerializer.java:808)
at com.fasterxml.jackson.databind.ser.std.MapSerializer.serializeWithoutTypeInfo(MapSerializer.java:764)
at com.fasterxml.jackson.databind.ser.std.MapSerializer.serialize(MapSerializer.java:720)
at com.fasterxml.jackson.databind.ser.std.MapSerializer.serialize(MapSerializer.java:35)
at com.fasterxml.jackson.databind.ser.std.MapSerializer.serializeFields(MapSerializer.java:808)
at com.fasterxml.jackson.databind.ser.std.MapSerializer.serializeWithoutTypeInfo(MapSerializer.java:764)
at com.fasterxml.jackson.databind.ser.std.MapSerializer.serialize(MapSerializer.java:720)
at com.fasterxml.jackson.databind.ser.std.MapSerializer.serialize(MapSerializer.java:35)
at com.fasterxml.jackson.databind.ser.std.MapSerializer.serializeFields(MapSerializer.java:808)
at com.fasterxml.jackson.databind.ser.std.MapSerializer.serializeWithoutTypeInfo(MapSerializer.java:764)
at com.fasterxml.jackson.databind.ser.std.MapSerializer.serialize(MapSerializer.java:720)
at com.fasterxml.jackson.databind.ser.std.MapSerializer.serialize(MapSerializer.java:35)
at com.fasterxml.jackson.databind.ser.std.MapSerializer.serializeFields(MapSerializer.java:808)
at com.fasterxml.jackson.databind.ser.std.MapSerializer.serializeWithoutTypeInfo(MapSerializer.java:764)
at com.fasterxml.jackson.databind.ser.std.MapSerializer.serialize(MapSerializer.java:720)
at com.fasterxml.jackson.databind.ser.std.MapSerializer.serialize(MapSerializer.java:35)
at com.fasterxml.jackson.databind.ser.std.MapSerializer.serializeFields(MapSerializer.java:808)
at com.fasterxml.jackson.databind.ser.std.MapSerializer.serializeWithoutTypeInfo(MapSerializer.java:764)
at com.fasterxml.jackson.databind.ser.std.MapSerializer.serialize(MapSerializer.java:720)
at com.fasterxml.jackson.databind.ser.std.MapSerializer.serialize(MapSerializer.java:35)
at com.fasterxml.jackson.databind.ser.std.MapSerializer.serializeFields(MapSerializer.java:808)
at com.fasterxml.jackson.databind.ser.std.MapSerializer.serializeWithoutTypeInfo(MapSerializer.java:764)
at com.fasterxml.jackson.databind.ser.std.MapSerializer.serialize(MapSerializer.java:720)
at com.fasterxml.jackson.databind.ser.std.MapSerializer.serialize(MapSerializer.java:35)
at com.fasterxml.jackson.databind.ser.std.MapSerializer.serializeFields(MapSerializer.java:808)
at com.fasterxml.jackson.databind.ser.std.MapSerializer.serializeWithoutTypeInfo(MapSerializer.java:764)
at com.fasterxml.jackson.databind.ser.std.MapSerializer.serialize(MapSerializer.java:720)
at com.fasterxml.jackson.databind.ser.std.MapSerializer.serialize(MapSerializer.java:35)
at com.fasterxml.jackson.databind.ser.std.MapSerializer.serializeFields(MapSerializer.java:808)
at com.fasterxml.jackson.databind.ser.std.MapSerializer.serializeWithoutTypeInfo(MapSerializer.java:764)
at com.fasterxml.jackson.databind.ser.std.MapSerializer.serialize(MapSerializer.java:720)
at com.fasterxml.jackson.databind.ser.std.MapSerializer.serialize(MapSerializer.java:35)
at com.fasterxml.jackson.databind.ser.std.MapSerializer.serializeFields(MapSerializer.java:808)
at com.fasterxml.jackson.databind.ser.std.MapSerializer.serializeWithoutTypeInfo(MapSerializer.java:764)
at com.fasterxml.jackson.databind.ser.std.MapSerializer.serialize(MapSerializer.java:720)
at com.fasterxml.jackson.databind.ser.std.MapSerializer.serialize(MapSerializer.java:35)
at com.fasterxml.jackson.databind.ser.std.MapSerializer.serializeFields(MapSerializer.java:808)
at com.fasterxml.jackson.databind.ser.std.MapSerializer.serializeWithoutTypeInfo(MapSerializer.java:764)
at com.fasterxml.jackson.databind.ser.std.MapSerializer.serialize(MapSerializer.java:720)
at com.fasterxml.jackson.databind.ser.std.MapSerializer.serialize(MapSerializer.java:35)
at com.fasterxml.jackson.databind.ser.std.MapSerializer.serializeFields(MapSerializer.java:808)
at com.fasterxml.jackson.databind.ser.std.MapSerializer.serializeWithoutTypeInfo(MapSerializer.java:764)
at com.fasterxml.jackson.databind.ser.std.MapSerializer.serialize(MapSerializer.java:720)
at com.fasterxml.jackson.databind.ser.std.MapSerializer.serialize(MapSerializer.java:35)
at com.fasterxml.jackson.databind.ser.std.MapSerializer.serializeFields(MapSerializer.java:808)
at com.fasterxml.jackson.databind.ser.std.MapSerializer.serializeWithoutTypeInfo(MapSerializer.java:764)
at com.fasterxml.jackson.databind.ser.std.MapSerializer.serialize(MapSerializer.java:720)
at com.fasterxml.jackson.databind.ser.std.MapSerializer.serialize(MapSerializer.java:35)
at com.fasterxml.jackson.databind.ser.std.MapSerializer.serializeFields(MapSerializer.java:808)
at com.fasterxml.jackson.databind.ser.std.MapSerializer.serializeWithoutTypeInfo(MapSerializer.java:764)
at com.fasterxml.jackson.databind.ser.std.MapSerializer.serialize(MapSerializer.java:720)
at com.fasterxml.jackson.databind.ser.std.MapSerializer.serialize(MapSerializer.java:35)
at com.fasterxml.jackson.databind.ser.std.MapSerializer.serializeFields(MapSerializer.java:808)
at com.fasterxml.jackson.databind.ser.std.MapSerializer.serializeWithoutTypeInfo(MapSerializer.java:764)
at com.fasterxml.jackson.databind.ser.std.MapSerializer.serialize(MapSerializer.java:720)
at com.fasterxml.jackson.databind.ser.std.MapSerializer.serialize(MapSerializer.java:35)
at com.fasterxml.jackson.databind.ser.std.MapSerializer.serializeFields(MapSerializer.java:808)
at com.fasterxml.jackson.databind.ser.std.MapSerializer.serializeWithoutTypeInfo(MapSerializer.java:764)
at com.fasterxml.jackson.databind.ser.std.MapSerializer.serialize(MapSerializer.java:720)
at com.fasterxml.jackson.databind.ser.std.MapSerializer.serialize(MapSerializer.java:35)
at com.fasterxml.jackson.databind.ser.std.MapSerializer.serializeFields(MapSerializer.java:808)
at com.fasterxml.jackson.databind.ser.std.MapSerializer.serializeWithoutTypeInfo(MapSerializer.java:764)
at com.fasterxml.jackson.databind.ser.std.MapSerializer.serialize(MapSerializer.java:720)
at com.fasterxml.jackson.databind.ser.std.MapSerializer.serialize(MapSerializer.java:35)
at com.fasterxml.jackson.databind.ser.std.MapSerializer.serializeFields(MapSerializer.java:808)
at com.fasterxml.jackson.databind.ser.std.MapSerializer.serializeWithoutTypeInfo(MapSerializer.java:764)
at com.fasterxml.jackson.databind.ser.std.MapSerializer.serialize(MapSerializer.java:720)
at com.fasterxml.jackson.databind.ser.std.MapSerializer.serialize(MapSerializer.java:35)
at com.fasterxml.jackson.databind.ser.std.MapSerializer.serializeFields(MapSerializer.java:808)
at com.fasterxml.jackson.databind.ser.std.MapSerializer.serializeWithoutTypeInfo(MapSerializer.java:764)
at com.fasterxml.jackson.databind.ser.std.MapSerializer.serialize(MapSerializer.java:720)
at com.fasterxml.jackson.databind.ser.std.MapSerializer.serialize(MapSerializer.java:35)
at com.fasterxml.jackson.databind.ser.std.MapSerializer.serializeFields(MapSerializer.java:808)
at com.fasterxml.jackson.databind.ser.std.MapSerializer.serializeWithoutTypeInfo(MapSerializer.java:764)
at com.fasterxml.jackson.databind.ser.std.MapSerializer.serialize(MapSerializer.java:720)
at com.fasterxml.jackson.databind.ser.std.MapSerializer.serialize(MapSerializer.java:35)
at com.fasterxml.jackson.databind.ser.std.MapSerializer.serializeFields(MapSerializer.java:808)
at com.fasterxml.jackson.databind.ser.std.MapSerializer.serializeWithoutTypeInfo(MapSerializer.java:764)
at com.fasterxml.jackson.databind.ser.std.MapSerializer.serialize(MapSerializer.java:720)
at com.fasterxml.jackson.databind.ser.std.MapSerializer.serialize(MapSerializer.java:35)
at com.fasterxml.jackson.databind.ser.std.MapSerializer.serializeFields(MapSerializer.java:808)
at com.fasterxml.jackson.databind.ser.std.MapSerializer.serializeWithoutTypeInfo(MapSerializer.java:764)
at com.fasterxml.jackson.databind.ser.std.MapSerializer.serialize(MapSerializer.java:720)
at com.fasterxml.jackson.databind.ser.std.MapSerializer.serialize(MapSerializer.java:35)
at com.fasterxml.jackson.databind.ser.std.MapSerializer.serializeFields(MapSerializer.java:808)
at com.fasterxml.jackson.databind.ser.std.MapSerializer.serializeWithoutTypeInfo(MapSerializer.java:764)
at com.fasterxml.jackson.databind.ser.std.MapSerializer.serialize(MapSerializer.java:720)
at com.fasterxml.jackson.databind.ser.std.MapSerializer.serialize(MapSerializer.java:35)
at com.fasterxml.jackson.databind.ser.std.MapSerializer.serializeFields(MapSerializer.java:808)
at com.fasterxml.jackson.databind.ser.std.MapSerializer.serializeWithoutTypeInfo(MapSerializer.java:764)
at com.fasterxml.jackson.databind.ser.std.MapSerializer.serialize(MapSerializer.java:720)
at com.fasterxml.jackson.databind.ser.std.MapSerializer.serialize(MapSerializer.java:35)
at com.fasterxml.jackson.databind.ser.std.MapSerializer.serializeFields(MapSerializer.java:808)
at com.fasterxml.jackson.databind.ser.std.MapSerializer.serializeWithoutTypeInfo(MapSerializer.java:764)
at com.fasterxml.jackson.databind.ser.std.MapSerializer.serialize(MapSerializer.java:720)
at com.fasterxml.jackson.databind.ser.std.MapSerializer.serialize(MapSerializer.java:35)
at com.fasterxml.jackson.databind.ser.std.MapSerializer.serializeFields(MapSerializer.java:808)
at com.fasterxml.jackson.databind.ser.std.MapSerializer.serializeWithoutTypeInfo(MapSerializer.java:764)
at com.fasterxml.jackson.databind.ser.std.MapSerializer.serialize(MapSerializer.java:720)
at com.fasterxml.jackson.databind.ser.std.MapSerializer.serialize(MapSerializer.java:35)
at com.fasterxml.jackson.databind.ser.std.MapSerializer.serializeFields(MapSerializer.java:808)
at com.fasterxml.jackson.databind.ser.std.MapSerializer.serializeWithoutTypeInfo(MapSerializer.java:764)
at com.fasterxml.jackson.databind.ser.std.MapSerializer.serialize(MapSerializer.java:720)
at com.fasterxml.jackson.databind.ser.std.MapSerializer.serialize(MapSerializer.java:35)
at com.fasterxml.jackson.databind.ser.std.MapSerializer.serializeFields(MapSerializer.java:808)
at com.fasterxml.jackson.databind.ser.std.MapSerializer.serializeWithoutTypeInfo(MapSerializer.java:764)
at com.fasterxml.jackson.databind.ser.std.MapSerializer.serialize(MapSerializer.java:720)
at com.fasterxml.jackson.databind.ser.std.MapSerializer.serialize(MapSerializer.java:35)
at com.fasterxml.jackson.databind.ser.std.MapSerializer.serializeFields(MapSerializer.java:808)
at com.fasterxml.jackson.databind.ser.std.MapSerializer.serializeWithoutTypeInfo(MapSerializer.java:764)
at com.fasterxml.jackson.databind.ser.std.MapSerializer.serialize(MapSerializer.java:720)
at com.fasterxml.jackson.databind.ser.std.MapSerializer.serialize(MapSerializer.java:35)
at com.fasterxml.jackson.databind.ser.std.MapSerializer.serializeFields(MapSerializer.java:808)
at com.fasterxml.jackson.databind.ser.std.MapSerializer.serializeWithoutTypeInfo(MapSerializer.java:764)
at com.fasterxml.jackson.databind.ser.std.MapSerializer.serialize(MapSerializer.java:720)
at com.fasterxml.jackson.databind.ser.std.MapSerializer.serialize(MapSerializer.java:35)
at com.fasterxml.jackson.databind.ser.std.MapSerializer.serializeFields(MapSerializer.java:808)
at com.fasterxml.jackson.databind.ser.std.MapSerializer.serializeWithoutTypeInfo(MapSerializer.java:764)
at com.fasterxml.jackson.databind.ser.std.MapSerializer.serialize(MapSerializer.java:720)
at com.fasterxml.jackson.databind.ser.std.MapSerializer.serialize(MapSerializer.java:35)
at com.fasterxml.jackson.databind.ser.std.MapSerializer.serializeFields(MapSerializer.java:808)
at com.fasterxml.jackson.databind.ser.std.MapSerializer.serializeWithoutTypeInfo(MapSerializer.java:764)
at com.fasterxml.jackson.databind.ser.std.MapSerializer.serialize(MapSerializer.java:720)
at com.fasterxml.jackson.databind.ser.std.MapSerializer.serialize(MapSerializer.java:35)
at com.fasterxml.jackson.databind.ser.std.MapSerializer.serializeFields(MapSerializer.java:808)
at com.fasterxml.jackson.databind.ser.std.MapSerializer.serializeWithoutTypeInfo(MapSerializer.java:764)
at com.fasterxml.jackson.databind.ser.std.MapSerializer.serialize(MapSerializer.java:720)
at com.fasterxml.jackson.databind.ser.std.MapSerializer.serialize(MapSerializer.java:35)
at com.fasterxml.jackson.databind.ser.std.MapSerializer.serializeFields(MapSerializer.java:808)
at com.fasterxml.jackson.databind.ser.std.MapSerializer.serializeWithoutTypeInfo(MapSerializer.java:764)
at com.fasterxml.jackson.databind.ser.std.MapSerializer.serialize(MapSerializer.java:720)
at com.fasterxml.jackson.databind.ser.std.MapSerializer.serialize(MapSerializer.java:35)
at com.fasterxml.jackson.databind.ser.std.MapSerializer.serializeFields(MapSerializer.java:808)
at com.fasterxml.jackson.databind.ser.std.MapSerializer.serializeWithoutTypeInfo(MapSerializer.java:764)
at com.fasterxml.jackson.databind.ser.std.MapSerializer.serialize(MapSerializer.java:720)
at com.fasterxml.jackson.databind.ser.std.MapSerializer.serialize(MapSerializer.java:35)
at com.fasterxml.jackson.databind.ser.std.MapSerializer.serializeFields(MapSerializer.java:808)
at com.fasterxml.jackson.databind.ser.std.MapSerializer.serializeWithoutTypeInfo(MapSerializer.java:764)
at com.fasterxml.jackson.databind.ser.std.MapSerializer.serialize(MapSerializer.java:720)
at com.fasterxml.jackson.databind.ser.std.MapSerializer.serialize(MapSerializer.java:35)
at com.fasterxml.jackson.databind.ser.std.MapSerializer.serializeFields(MapSerializer.java:808)
at com.fasterxml.jackson.databind.ser.std.MapSerializer.serializeWithoutTypeInfo(MapSerializer.java:764)
at com.fasterxml.jackson.databind.ser.std.MapSerializer.serialize(MapSerializer.java:720)
at com.fasterxml.jackson.databind.ser.std.MapSerializer.serialize(MapSerializer.java:35)
at com.fasterxml.jackson.databind.ser.std.MapSerializer.serializeFields(MapSerializer.java:808)
at com.fasterxml.jackson.databind.ser.std.MapSerializer.serializeWithoutTypeInfo(MapSerializer.java:764)
at com.fasterxml.jackson.databind.ser.std.MapSerializer.serialize(MapSerializer.java:720)
at com.fasterxml.jackson.databind.ser.std.MapSerializer.serialize(MapSerializer.java:35)
at com.fasterxml.jackson.databind.ser.std.MapSerializer.serializeFields(MapSerializer.java:808)
at com.fasterxml.jackson.databind.ser.std.MapSerializer.serializeWithoutTypeInfo(MapSerializer.java:764)
at com.fasterxml.jackson.databind.ser.std.MapSerializer.serialize(MapSerializer.java:720)
at com.fasterxml.jackson.databind.ser.std.MapSerializer.serialize(MapSerializer.java:35)
at com.fasterxml.jackson.databind.ser.std.MapSerializer.serializeFields(MapSerializer.java:808)
at com.fasterxml.jackson.databind.ser.std.MapSerializer.serializeWithoutTypeInfo(MapSerializer.java:764)
at com.fasterxml.jackson.databind.ser.std.MapSerializer.serialize(MapSerializer.java:720)
at com.fasterxml.jackson.databind.ser.std.MapSerializer.serialize(MapSerializer.java:35)
at com.fasterxml.jackson.databind.ser.std.MapSerializer.serializeFields(MapSerializer.java:808)
at com.fasterxml.jackson.databind.ser.std.MapSerializer.serializeWithoutTypeInfo(MapSerializer.java:764)
at com.fasterxml.jackson.databind.ser.std.MapSerializer.serialize(MapSerializer.java:720)
at com.fasterxml.jackson.databind.ser.std.MapSerializer.serialize(MapSerializer.java:35)
at com.fasterxml.jackson.databind.ser.std.MapSerializer.serializeFields(MapSerializer.java:808)
at com.fasterxml.jackson.databind.ser.std.MapSerializer.serializeWithoutTypeInfo(MapSerializer.java:764)
at com.fasterxml.jackson.databind.ser.std.MapSerializer.serialize(MapSerializer.java:720)
at com.fasterxml.jackson.databind.ser.std.MapSerializer.serialize(MapSerializer.java:35)
at com.fasterxml.jackson.databind.ser.std.MapSerializer.serializeFields(MapSerializer.java:808)
at com.fasterxml.jackson.databind.ser.std.MapSerializer.serializeWithoutTypeInfo(MapSerializer.java:764)
at com.fasterxml.jackson.databind.ser.std.MapSerializer.serialize(MapSerializer.java:720)
at com.fasterxml.jackson.databind.ser.std.MapSerializer.serialize(MapSerializer.java:35)
at com.fasterxml.jackson.databind.ser.std.MapSerializer.serializeFields(MapSerializer.java:808)
at com.fasterxml.jackson.databind.ser.std.MapSerializer.serializeWithoutTypeInfo(MapSerializer.java:764)
at com.fasterxml.jackson.databind.ser.std.MapSerializer.serialize(MapSerializer.java:720)
at com.fasterxml.jackson.databind.ser.std.MapSerializer.serialize(MapSerializer.java:35)
at com.fasterxml.jackson.databind.ser.std.MapSerializer.serializeFields(MapSerializer.java:808)
at com.fasterxml.jackson.databind.ser.std.MapSerializer.serializeWithoutTypeInfo(MapSerializer.java:764)
at com.fasterxml.jackson.databind.ser.std.MapSerializer.serialize(MapSerializer.java:720)
at com.fasterxml.jackson.databind.ser.std.MapSerializer.serialize(MapSerializer.java:35)
at com.fasterxml.jackson.databind.ser.std.MapSerializer.serializeFields(MapSerializer.java:808)
at com.fasterxml.jackson.databind.ser.std.MapSerializer.serializeWithoutTypeInfo(MapSerializer.java:764)
at com.fasterxml.jackson.databind.ser.std.MapSerializer.serialize(MapSerializer.java:720)
at com.fasterxml.jackson.databind.ser.std.MapSerializer.serialize(MapSerializer.java:35)
at com.fasterxml.jackson.databind.ser.std.MapSerializer.serializeFields(MapSerializer.java:808)
at com.fasterxml.jackson.databind.ser.std.MapSerializer.serializeWithoutTypeInfo(MapSerializer.java:764)
at com.fasterxml.jackson.databind.ser.std.MapSerializer.serialize(MapSerializer.java:720)
at com.fasterxml.jackson.databind.ser.std.MapSerializer.serialize(MapSerializer.java:35)
at com.fasterxml.jackson.databind.ser.std.MapSerializer.serializeFields(MapSerializer.java:808)
at com.fasterxml.jackson.databind.ser.std.MapSerializer.serializeWithoutTypeInfo(MapSerializer.java:764)
at com.fasterxml.jackson.databind.ser.std.MapSerializer.serialize(MapSerializer.java:720)
at com.fasterxml.jackson.databind.ser.std.MapSerializer.serialize(MapSerializer.java:35)
at com.fasterxml.jackson.databind.ser.std.MapSerializer.serializeFields(MapSerializer.java:808)
at com.fasterxml.jackson.databind.ser.std.MapSerializer.serializeWithoutTypeInfo(MapSerializer.java:764)
at com.fasterxml.jackson.databind.ser.std.MapSerializer.serialize(MapSerializer.java:720)
at com.fasterxml.jackson.databind.ser.std.MapSerializer.serialize(MapSerializer.java:35)
at com.fasterxml.jackson.databind.ser.std.MapSerializer.serializeFields(MapSerializer.java:808)
at com.fasterxml.jackson.databind.ser.std.MapSerializer.serializeWithoutTypeInfo(MapSerializer.java:764)
at com.fasterxml.jackson.databind.ser.std.MapSerializer.serialize(MapSerializer.java:720)
at com.fasterxml.jackson.databind.ser.std.MapSerializer.serialize(MapSerializer.java:35)
at com.fasterxml.jackson.databind.ser.std.MapSerializer.serializeFields(MapSerializer.java:808)
at com.fasterxml.jackson.databind.ser.std.MapSerializer.serializeWithoutTypeInfo(MapSerializer.java:764)
at com.fasterxml.jackson.databind.ser.std.MapSerializer.serialize(MapSerializer.java:720)
at com.fasterxml.jackson.databind.ser.std.MapSerializer.serialize(MapSerializer.java:35)
at com.fasterxml.jackson.databind.ser.std.MapSerializer.serializeFields(MapSerializer.java:808)
at com.fasterxml.jackson.databind.ser.std.MapSerializer.serializeWithoutTypeInfo(MapSerializer.java:764)
at com.fasterxml.jackson.databind.ser.std.MapSerializer.serialize(MapSerializer.java:720)
at com.fasterxml.jackson.databind.ser.std.MapSerializer.serialize(MapSerializer.java:35)
at com.fasterxml.jackson.databind.ser.std.MapSerializer.serializeFields(MapSerializer.java:808)
at com.fasterxml.jackson.databind.ser.std.MapSerializer.serializeWithoutTypeInfo(MapSerializer.java:764)
at com.fasterxml.jackson.databind.ser.std.MapSerializer.serialize(MapSerializer.java:720)
at com.fasterxml.jackson.databind.ser.std.MapSerializer.serialize(MapSerializer.java:35)
at com.fasterxml.jackson.databind.ser.std.MapSerializer.serializeFields(MapSerializer.java:808)
at com.fasterxml.jackson.databind.ser.std.MapSerializer.serializeWithoutTypeInfo(MapSerializer.java:764)
at com.fasterxml.jackson.databind.ser.std.MapSerializer.serialize(MapSerializer.java:720)
at com.fasterxml.jackson.databind.ser.std.MapSerializer.serialize(MapSerializer.java:35)
at com.fasterxml.jackson.databind.ser.std.MapSerializer.serializeFields(MapSerializer.java:808)
at com.fasterxml.jackson.databind.ser.std.MapSerializer.serializeWithoutTypeInfo(MapSerializer.java:764)
at com.fasterxml.jackson.databind.ser.std.MapSerializer.serialize(MapSerializer.java:720)
at com.fasterxml.jackson.databind.ser.std.MapSerializer.serialize(MapSerializer.java:35)
at com.fasterxml.jackson.databind.ser.std.MapSerializer.serializeFields(MapSerializer.java:808)
at com.fasterxml.jackson.databind.ser.std.MapSerializer.serializeWithoutTypeInfo(MapSerializer.java:764)
at com.fasterxml.jackson.databind.ser.std.MapSerializer.serialize(MapSerializer.java:720)
at com.fasterxml.jackson.databind.ser.std.MapSerializer.serialize(MapSerializer.java:35)
at com.fasterxml.jackson.databind.ser.std.MapSerializer.serializeFields(MapSerializer.java:808)
at com.fasterxml.jackson.databind.ser.std.MapSerializer.serializeWithoutTypeInfo(MapSerializer.java:764)
at com.fasterxml.jackson.databind.ser.std.MapSerializer.serialize(MapSerializer.java:720)
at com.fasterxml.jackson.databind.ser.std.MapSerializer.serialize(MapSerializer.java:35)
at com.fasterxml.jackson.databind.ser.std.MapSerializer.serializeFields(MapSerializer.java:808)
at com.fasterxml.jackson.databind.ser.std.MapSerializer.serializeWithoutTypeInfo(MapSerializer.java:764)
at com.fasterxml.jackson.databind.ser.std.MapSerializer.serialize(MapSerializer.java:720)
at com.fasterxml.jackson.databind.ser.std.MapSerializer.serialize(MapSerializer.java:35)
at com.fasterxml.jackson.databind.ser.std.MapSerializer.serializeFields(MapSerializer.java:808)
at com.fasterxml.jackson.databind.ser.std.MapSerializer.serializeWithoutTypeInfo(MapSerializer.java:764)
at com.fasterxml.jackson.databind.ser.std.MapSerializer.serialize(MapSerializer.java:720)
at com.fasterxml.jackson.databind.ser.std.MapSerializer.serialize(MapSerializer.java:35)
at com.fasterxml.jackson.databind.ser.std.MapSerializer.serializeFields(MapSerializer.java:808)
at com.fasterxml.jackson.databind.ser.std.MapSerializer.serializeWithoutTypeInfo(MapSerializer.java:764)
at com.fasterxml.jackson.databind.ser.std.MapSerializer.serialize(MapSerializer.java:720)
at com.fasterxml.jackson.databind.ser.std.MapSerializer.serialize(MapSerializer.java:35)
at com.fasterxml.jackson.databind.ser.std.MapSerializer.serializeFields(MapSerializer.java:808)
at com.fasterxml.jackson.databind.ser.std.MapSerializer.serializeWithoutTypeInfo(MapSerializer.java:764)
at com.fasterxml.jackson.databind.ser.std.MapSerializer.serialize(MapSerializer.java:720)
at com.fasterxml.jackson.databind.ser.std.MapSerializer.serialize(MapSerializer.java:35)
at com.fasterxml.jackson.databind.ser.std.MapSerializer.serializeFields(MapSerializer.java:808)
at com.fasterxml.jackson.databind.ser.std.MapSerializer.serializeWithoutTypeInfo(MapSerializer.java:764)
at com.fasterxml.jackson.databind.ser.std.MapSerializer.serialize(MapSerializer.java:720)
at com.fasterxml.jackson.databind.ser.std.MapSerializer.serialize(MapSerializer.java:35)
at com.fasterxml.jackson.databind.ser.std.MapSerializer.serializeFields(MapSerializer.java:808)
at com.fasterxml.jackson.databind.ser.std.MapSerializer.serializeWithoutTypeInfo(MapSerializer.java:764)
at com.fasterxml.jackson.databind.ser.std.MapSerializer.serialize(MapSerializer.java:720)
at com.fasterxml.jackson.databind.ser.std.MapSerializer.serialize(MapSerializer.java:35)
at com.fasterxml.jackson.databind.ser.std.MapSerializer.serializeFields(MapSerializer.java:808)
at com.fasterxml.jackson.databind.ser.std.MapSerializer.serializeWithoutTypeInfo(MapSerializer.java:764)
at com.fasterxml.jackson.databind.ser.std.MapSerializer.serialize(MapSerializer.java:720)
at com.fasterxml.jackson.databind.ser.std.MapSerializer.serialize(MapSerializer.java:35)
at com.fasterxml.jackson.databind.ser.std.MapSerializer.serializeFields(MapSerializer.java:808)
at com.fasterxml.jackson.databind.ser.std.MapSerializer.serializeWithoutTypeInfo(MapSerializer.java:764)
at com.fasterxml.jackson.databind.ser.std.MapSerializer.serialize(MapSerializer.java:720)
at com.fasterxml.jackson.databind.ser.std.MapSerializer.serialize(MapSerializer.java:35)
at com.fasterxml.jackson.databind.ser.std.MapSerializer.serializeFields(MapSerializer.java:808)
at com.fasterxml.jackson.databind.ser.std.MapSerializer.serializeWithoutTypeInfo(MapSerializer.java:764)
at com.fasterxml.jackson.databind.ser.std.MapSerializer.serialize(MapSerializer.java:720)
at com.fasterxml.jackson.databind.ser.std.MapSerializer.serialize(MapSerializer.java:35)
at com.fasterxml.jackson.databind.ser.std.MapSerializer.serializeFields(MapSerializer.java:808)
at com.fasterxml.jackson.databind.ser.std.MapSerializer.serializeWithoutTypeInfo(MapSerializer.java:764)
at com.fasterxml.jackson.databind.ser.std.MapSerializer.serialize(MapSerializer.java:720)
at com.fasterxml.jackson.databind.ser.std.MapSerializer.serialize(MapSerializer.java:35)
at com.fasterxml.jackson.databind.ser.std.MapSerializer.serializeFields(MapSerializer.java:808)
at com.fasterxml.jackson.databind.ser.std.MapSerializer.serializeWithoutTypeInfo(MapSerializer.java:764)
at com.fasterxml.jackson.databind.ser.std.MapSerializer.serialize(MapSerializer.java:720)
at com.fasterxml.jackson.databind.ser.std.MapSerializer.serialize(MapSerializer.java:35)
at com.fasterxml.jackson.databind.ser.std.MapSerializer.serializeFields(MapSerializer.java:808)
at com.fasterxml.jackson.databind.ser.std.MapSerializer.serializeWithoutTypeInfo(MapSerializer.java:764)
at com.fasterxml.jackson.databind.ser.std.MapSerializer.serialize(MapSerializer.java:720)
at com.fasterxml.jackson.databind.ser.std.MapSerializer.serialize(MapSerializer.java:35)
at com.fasterxml.jackson.databind.ser.std.MapSerializer.serializeFields(MapSerializer.java:808)
at com.fasterxml.jackson.databind.ser.std.MapSerializer.serializeWithoutTypeInfo(MapSerializer.java:764)
at com.fasterxml.jackson.databind.ser.std.MapSerializer.serialize(MapSerializer.java:720)
at com.fasterxml.jackson.databind.ser.std.MapSerializer.serialize(MapSerializer.java:35)
at com.fasterxml.jackson.databind.ser.std.MapSerializer.serializeFields(MapSerializer.java:808)
at com.fasterxml.jackson.databind.ser.std.MapSerializer.serializeWithoutTypeInfo(MapSerializer.java:764)
at com.fasterxml.jackson.databind.ser.std.MapSerializer.serialize(MapSerializer.java:720)
at com.fasterxml.jackson.databind.ser.std.MapSerializer.serialize(MapSerializer.java:35)
at com.fasterxml.jackson.databind.ser.std.MapSerializer.serializeFields(MapSerializer.java:808)
at com.fasterxml.jackson.databind.ser.std.MapSerializer.serializeWithoutTypeInfo(MapSerializer.java:764)
at com.fasterxml.jackson.databind.ser.std.MapSerializer.serialize(MapSerializer.java:720)
at com.fasterxml.jackson.databind.ser.std.MapSerializer.serialize(MapSerializer.java:35)
at com.fasterxml.jackson.databind.ser.std.MapSerializer.serializeFields(MapSerializer.java:808)
at com.fasterxml.jackson.databind.ser.std.MapSerializer.serializeWithoutTypeInfo(MapSerializer.java:764)
at com.fasterxml.jackson.databind.ser.std.MapSerializer.serialize(MapSerializer.java:720)
at com.fasterxml.jackson.databind.ser.std.MapSerializer.serialize(MapSerializer.java:35)
at com.fasterxml.jackson.databind.ser.std.MapSerializer.serializeFields(MapSerializer.java:808)
at com.fasterxml.jackson.databind.ser.std.MapSerializer.serializeWithoutTypeInfo(MapSerializer.java:764)
at com.fasterxml.jackson.databind.ser.std.MapSerializer.serialize(MapSerializer.java:720)
at com.fasterxml.jackson.databind.ser.std.MapSerializer.serialize(MapSerializer.java:35)
at com.fasterxml.jackson.databind.ser.std.MapSerializer.serializeFields(MapSerializer.java:808)
at com.fasterxml.jackson.databind.ser.std.MapSerializer.serializeWithoutTypeInfo(MapSerializer.java:764)
at com.fasterxml.jackson.databind.ser.std.MapSerializer.serialize(MapSerializer.java:720)
at com.fasterxml.jackson.databind.ser.std.MapSerializer.serialize(MapSerializer.java:35)
at com.fasterxml.jackson.databind.ser.std.MapSerializer.serializeFields(MapSerializer.java:808)
at com.fasterxml.jackson.databind.ser.std.MapSerializer.serializeWithoutTypeInfo(MapSerializer.java:764)
at com.fasterxml.jackson.databind.ser.std.MapSerializer.serialize(MapSerializer.java:720)
at com.fasterxml.jackson.databind.ser.std.MapSerializer.serialize(MapSerializer.java:35)
at com.fasterxml.jackson.databind.ser.std.MapSerializer.serializeFields(MapSerializer.java:808)
at com.fasterxml.jackson.databind.ser.std.MapSerializer.serializeWithoutTypeInfo(MapSerializer.java:764)
at com.fasterxml.jackson.databind.ser.std.MapSerializer.serialize(MapSerializer.java:720)
at com.fasterxml.jackson.databind.ser.std.MapSerializer.serialize(MapSerializer.java:35)
at com.fasterxml.jackson.databind.ser.std.MapSerializer.serializeFields(MapSerializer.java:808)
at com.fasterxml.jackson.databind.ser.std.MapSerializer.serializeWithoutTypeInfo(MapSerializer.java:764)
at com.fasterxml.jackson.databind.ser.std.MapSerializer.serialize(MapSerializer.java:720)
at com.fasterxml.jackson.databind.ser.std.MapSerializer.serialize(MapSerializer.java:35)
at com.fasterxml.jackson.databind.ser.std.MapSerializer.serializeFields(MapSerializer.java:808)
at com.fasterxml.jackson.databind.ser.std.MapSerializer.serializeWithoutTypeInfo(MapSerializer.java:764)
at com.fasterxml.jackson.databind.ser.std.MapSerializer.serialize(MapSerializer.java:720)
at com.fasterxml.jackson.databind.ser.std.MapSerializer.serialize(MapSerializer.java:35)
at com.fasterxml.jackson.databind.ser.std.MapSerializer.serializeFields(MapSerializer.java:808)
at com.fasterxml.jackson.databind.ser.std.MapSerializer.serializeWithoutTypeInfo(MapSerializer.java:764)
at com.fasterxml.jackson.databind.ser.std.MapSerializer.serialize(MapSerializer.java:720)
at com.fasterxml.jackson.databind.ser.std.MapSerializer.serialize(MapSerializer.java:35)
at com.fasterxml.jackson.databind.ser.std.MapSerializer.serializeFields(MapSerializer.java:808)
at com.fasterxml.jackson.databind.ser.std.MapSerializer.serializeWithoutTypeInfo(MapSerializer.java:764)
at com.fasterxml.jackson.databind.ser.std.MapSerializer.serialize(MapSerializer.java:720)
at com.fasterxml.jackson.databind.ser.std.MapSerializer.serialize(MapSerializer.java:35)
at com.fasterxml.jackson.databind.ser.std.MapSerializer.serializeFields(MapSerializer.java:808)
at com.fasterxml.jackson.databind.ser.std.MapSerializer.serializeWithoutTypeInfo(MapSerializer.java:764)
at com.fasterxml.jackson.databind.ser.std.MapSerializer.serialize(MapSerializer.java:720)
at com.fasterxml.jackson.databind.ser.std.MapSerializer.serialize(MapSerializer.java:35)
at com.fasterxml.jackson.databind.ser.std.MapSerializer.serializeFields(MapSerializer.java:808)
at com.fasterxml.jackson.databind.ser.std.MapSerializer.serializeWithoutTypeInfo(MapSerializer.java:764)
at com.fasterxml.jackson.databind.ser.std.MapSerializer.serialize(MapSerializer.java:720)
at com.fasterxml.jackson.databind.ser.std.MapSerializer.serialize(MapSerializer.java:35)
at com.fasterxml.jackson.databind.ser.std.MapSerializer.serializeFields(MapSerializer.java:808)
at com.fasterxml.jackson.databind.ser.std.MapSerializer.serializeWithoutTypeInfo(MapSerializer.java:764)
at com.fasterxml.jackson.databind.ser.std.MapSerializer.serialize(MapSerializer.java:720)
at com.fasterxml.jackson.databind.ser.std.MapSerializer.serialize(MapSerializer.java:35)
at com.fasterxml.jackson.databind.ser.std.MapSerializer.serializeFields(MapSerializer.java:808)
at com.fasterxml.jackson.databind.ser.std.MapSerializer.serializeWithoutTypeInfo(MapSerializer.java:764)
at com.fasterxml.jackson.databind.ser.std.MapSerializer.serialize(MapSerializer.java:720)
at com.fasterxml.jackson.databind.ser.std.MapSerializer.serialize(MapSerializer.java:35)
at com.fasterxml.jackson.databind.ser.std.MapSerializer.serializeFields(MapSerializer.java:808)
at com.fasterxml.jackson.databind.ser.std.MapSerializer.serializeWithoutTypeInfo(MapSerializer.java:764)
at com.fasterxml.jackson.databind.ser.std.MapSerializer.serialize(MapSerializer.java:720)
at com.fasterxml.jackson.databind.ser.std.MapSerializer.serialize(MapSerializer.java:35)
at com.fasterxml.jackson.databind.ser.std.MapSerializer.serializeFields(MapSerializer.java:808)
at com.fasterxml.jackson.databind.ser.std.MapSerializer.serializeWithoutTypeInfo(MapSerializer.java:764)
at com.fasterxml.jackson.databind.ser.std.MapSerializer.serialize(MapSerializer.java:720)
at com.fasterxml.jackson.databind.ser.std.MapSerializer.serialize(MapSerializer.java:35)
at com.fasterxml.jackson.databind.ser.std.MapSerializer.serializeFields(MapSerializer.java:808)
at com.fasterxml.jackson.databind.ser.std.MapSerializer.serializeWithoutTypeInfo(MapSerializer.java:764)
at com.fasterxml.jackson.databind.ser.std.MapSerializer.serialize(MapSerializer.java:720)
at com.fasterxml.jackson.databind.ser.std.MapSerializer.serialize(MapSerializer.java:35)
at com.fasterxml.jackson.databind.ser.std.MapSerializer.serializeFields(MapSerializer.java:808)
at com.fasterxml.jackson.databind.ser.std.MapSerializer.serializeWithoutTypeInfo(MapSerializer.java:764)
at com.fasterxml.jackson.databind.ser.std.MapSerializer.serialize(MapSerializer.java:720)
at com.fasterxml.jackson.databind.ser.std.MapSerializer.serialize(MapSerializer.java:35)
at com.fasterxml.jackson.databind.ser.std.MapSerializer.serializeFields(MapSerializer.java:808)
at com.fasterxml.jackson.databind.ser.std.MapSerializer.serializeWithoutTypeInfo(MapSerializer.java:764)
at com.fasterxml.jackson.databind.ser.std.MapSerializer.serialize(MapSerializer.java:720)
at com.fasterxml.jackson.databind.ser.std.MapSerializer.serialize(MapSerializer.java:35)
at com.fasterxml.jackson.databind.ser.std.MapSerializer.serializeFields(MapSerializer.java:808)
at com.fasterxml.jackson.databind.ser.std.MapSerializer.serializeWithoutTypeInfo(MapSerializer.java:764)
at com.fasterxml.jackson.databind.ser.std.MapSerializer.serialize(MapSerializer.java:720)
at com.fasterxml.jackson.databind.ser.std.MapSerializer.serialize(MapSerializer.java:35)
at com.fasterxml.jackson.databind.ser.std.MapSerializer.serializeFields(MapSerializer.java:808)
at com.fasterxml.jackson.databind.ser.std.MapSerializer.serializeWithoutTypeInfo(MapSerializer.java:764)
at com.fasterxml.jackson.databind.ser.std.MapSerializer.serialize(MapSerializer.java:720)
at com.fasterxml.jackson.databind.ser.std.MapSerializer.serialize(MapSerializer.java:35)
at com.fasterxml.jackson.databind.ser.std.MapSerializer.serializeFields(MapSerializer.java:808)
at com.fasterxml.jackson.databind.ser.std.MapSerializer.serializeWithoutTypeInfo(MapSerializer.java:764)
at com.fasterxml.jackson.databind.ser.std.MapSerializer.serialize(MapSerializer.java:720)
at com.fasterxml.jackson.databind.ser.std.MapSerializer.serialize(MapSerializer.java:35)
at com.fasterxml.jackson.databind.ser.std.MapSerializer.serializeFields(MapSerializer.java:808)
at com.fasterxml.jackson.databind.ser.std.MapSerializer.serializeWithoutTypeInfo(MapSerializer.java:764)
at com.fasterxml.jackson.databind.ser.std.MapSerializer.serialize(MapSerializer.java:720)
at com.fasterxml.jackson.databind.ser.std.MapSerializer.serialize(MapSerializer.java:35)
at com.fasterxml.jackson.databind.ser.std.MapSerializer.serializeFields(MapSerializer.java:808)
at com.fasterxml.jackson.databind.ser.std.MapSerializer.serializeWithoutTypeInfo(MapSerializer.java:764)
at com.fasterxml.jackson.databind.ser.std.MapSerializer.serialize(MapSerializer.java:720)
at com.fasterxml.jackson.databind.ser.std.MapSerializer.serialize(MapSerializer.java:35)
at com.fasterxml.jackson.databind.ser.std.MapSerializer.serializeFields(MapSerializer.java:808)
at com.fasterxml.jackson.databind.ser.std.MapSerializer.serializeWithoutTypeInfo(MapSerializer.java:764)
at com.fasterxml.jackson.databind.ser.std.MapSerializer.serialize(MapSerializer.java:720)
at com.fasterxml.jackson.databind.ser.std.MapSerializer.serialize(MapSerializer.java:35)
at com.fasterxml.jackson.databind.ser.std.MapSerializer.serializeFields(MapSerializer.java:808)
at com.fasterxml.jackson.databind.ser.std.MapSerializer.serializeWithoutTypeInfo(MapSerializer.java:764)
at com.fasterxml.jackson.databind.ser.std.MapSerializer.serialize(MapSerializer.java:720)
at com.fasterxml.jackson.databind.ser.std.MapSerializer.serialize(MapSerializer.java:35)
at com.fasterxml.jackson.databind.ser.std.MapSerializer.serializeFields(MapSerializer.java:808)
at com.fasterxml.jackson.databind.ser.std.MapSerializer.serializeWithoutTypeInfo(MapSerializer.java:764)
at com.fasterxml.jackson.databind.ser.std.MapSerializer.serialize(MapSerializer.java:720)
at com.fasterxml.jackson.databind.ser.std.MapSerializer.serialize(MapSerializer.java:35)
at com.fasterxml.jackson.databind.ser.std.MapSerializer.serializeFields(MapSerializer.java:808)
at com.fasterxml.jackson.databind.ser.std.MapSerializer.serializeWithoutTypeInfo(MapSerializer.java:764)
at com.fasterxml.jackson.databind.ser.std.MapSerializer.serialize(MapSerializer.java:720)
at com.fasterxml.jackson.databind.ser.std.MapSerializer.serialize(MapSerializer.java:35)
at com.fasterxml.jackson.databind.ser.std.MapSerializer.serializeFields(MapSerializer.java:808)
at com.fasterxml.jackson.databind.ser.std.MapSerializer.serializeWithoutTypeInfo(MapSerializer.java:764)
at com.fasterxml.jackson.databind.ser.std.MapSerializer.serialize(MapSerializer.java:720)
at com.fasterxml.jackson.databind.ser.std.MapSerializer.serialize(MapSerializer.java:35)
at com.fasterxml.jackson.databind.ser.std.MapSerializer.serializeFields(MapSerializer.java:808)
at com.fasterxml.jackson.databind.ser.std.MapSerializer.serializeWithoutTypeInfo(MapSerializer.java:764)
at com.fasterxml.jackson.databind.ser.std.MapSerializer.serialize(MapSerializer.java:720)
at com.fasterxml.jackson.databind.ser.std.MapSerializer.serialize(MapSerializer.java:35)
at com.fasterxml.jackson.databind.ser.std.MapSerializer.serializeFields(MapSerializer.java:808)
at com.fasterxml.jackson.databind.ser.std.MapSerializer.serializeWithoutTypeInfo(MapSerializer.java:764)
at com.fasterxml.jackson.databind.ser.std.MapSerializer.serialize(MapSerializer.java:720)
at com.fasterxml.jackson.databind.ser.std.MapSerializer.serialize(MapSerializer.java:35)
at com.fasterxml.jackson.databind.ser.std.MapSerializer.serializeFields(MapSerializer.java:808)
at com.fasterxml.jackson.databind.ser.std.MapSerializer.serializeWithoutTypeInfo(MapSerializer.java:764)
at com.fasterxml.jackson.databind.ser.std.MapSerializer.serialize(MapSerializer.java:720)
at com.fasterxml.jackson.databind.ser.std.MapSerializer.serialize(MapSerializer.java:35)
at com.fasterxml.jackson.databind.ser.std.MapSerializer.serializeFields(MapSerializer.java:808)
at com.fasterxml.jackson.databind.ser.std.MapSerializer.serializeWithoutTypeInfo(MapSerializer.java:764)
at com.fasterxml.jackson.databind.ser.std.MapSerializer.serialize(MapSerializer.java:720)
at com.fasterxml.jackson.databind.ser.std.MapSerializer.serialize(MapSerializer.java:35)
at com.fasterxml.jackson.databind.ser.std.MapSerializer.serializeFields(MapSerializer.java:808)
at com.fasterxml.jackson.databind.ser.std.MapSerializer.serializeWithoutTypeInfo(MapSerializer.java:764)
at com.fasterxml.jackson.databind.ser.std.MapSerializer.serialize(MapSerializer.java:720)
at com.fasterxml.jackson.databind.ser.std.MapSerializer.serialize(MapSerializer.java:35)
at com.fasterxml.jackson.databind.ser.std.MapSerializer.serializeFields(MapSerializer.java:808)
at com.fasterxml.jackson.databind.ser.std.MapSerializer.serializeWithoutTypeInfo(MapSerializer.java:764)
at com.fasterxml.jackson.databind.ser.std.MapSerializer.serialize(MapSerializer.java:720)
at com.fasterxml.jackson.databind.ser.std.MapSerializer.serialize(MapSerializer.java:35)
at com.fasterxml.jackson.databind.ser.std.MapSerializer.serializeFields(MapSerializer.java:808)
at com.fasterxml.jackson.databind.ser.std.MapSerializer.serializeWithoutTypeInfo(MapSerializer.java:764)
at com.fasterxml.jackson.databind.ser.std.MapSerializer.serialize(MapSerializer.java:720)
at com.fasterxml.jackson.databind.ser.std.MapSerializer.serialize(MapSerializer.java:35)
at com.fasterxml.jackson.databind.ser.std.MapSerializer.serializeFields(MapSerializer.java:808)
at com.fasterxml.jackson.databind.ser.std.MapSerializer.serializeWithoutTypeInfo(MapSerializer.java:764)
at com.fasterxml.jackson.databind.ser.std.MapSerializer.serialize(MapSerializer.java:720)
at com.fasterxml.jackson.databind.ser.std.MapSerializer.serialize(MapSerializer.java:35)
at com.fasterxml.jackson.databind.ser.std.MapSerializer.serializeFields(MapSerializer.java:808)
at com.fasterxml.jackson.databind.ser.std.MapSerializer.serializeWithoutTypeInfo(MapSerializer.java:764)
at com.fasterxml.jackson.databind.ser.std.MapSerializer.serialize(MapSerializer.java:720)
at com.fasterxml.jackson.databind.ser.std.MapSerializer.serialize(MapSerializer.java:35)
at com.fasterxml.jackson.databind.ser.std.MapSerializer.serializeFields(MapSerializer.java:808)
at com.fasterxml.jackson.databind.ser.std.MapSerializer.serializeWithoutTypeInfo(MapSerializer.java:764)
at com.fasterxml.jackson.databind.ser.std.MapSerializer.serialize(MapSerializer.java:720)
at com.fasterxml.jackson.databind.ser.std.MapSerializer.serialize(MapSerializer.java:35)
at com.fasterxml.jackson.databind.ser.std.MapSerializer.serializeFields(MapSerializer.java:808)
at com.fasterxml.jackson.databind.ser.std.MapSerializer.serializeWithoutTypeInfo(MapSerializer.java:764)
at com.fasterxml.jackson.databind.ser.std.MapSerializer.serialize(MapSerializer.java:720)
at com.fasterxml.jackson.databind.ser.std.MapSerializer.serialize(MapSerializer.java:35)
at com.fasterxml.jackson.databind.ser.std.MapSerializer.serializeFields(MapSerializer.java:808)
at com.fasterxml.jackson.databind.ser.std.MapSerializer.serializeWithoutTypeInfo(MapSerializer.java:764)
at com.fasterxml.jackson.databind.ser.std.MapSerializer.serialize(MapSerializer.java:720)
at com.fasterxml.jackson.databind.ser.std.MapSerializer.serialize(MapSerializer.java:35)
at com.fasterxml.jackson.databind.ser.std.MapSerializer.serializeFields(MapSerializer.java:808)
at com.fasterxml.jackson.databind.ser.std.MapSerializer.serializeWithoutTypeInfo(MapSerializer.java:764)
at com.fasterxml.jackson.databind.ser.std.MapSerializer.serialize(MapSerializer.java:720)
at com.fasterxml.jackson.databind.ser.std.MapSerializer.serialize(MapSerializer.java:35)
at com.fasterxml.jackson.databind.ser.std.MapSerializer.serializeFields(MapSerializer.java:808)
at com.fasterxml.jackson.databind.ser.std.MapSerializer.serializeWithoutTypeInfo(MapSerializer.java:764)
at com.fasterxml.jackson.databind.ser.std.MapSerializer.serialize(MapSerializer.java:720)
at com.fasterxml.jackson.databind.ser.std.MapSerializer.serialize(MapSerializer.java:35)
at com.fasterxml.jackson.databind.ser.std.MapSerializer.serializeFields(MapSerializer.java:808)
at com.fasterxml.jackson.databind.ser.std.MapSerializer.serializeWithoutTypeInfo(MapSerializer.java:764)
at com.fasterxml.jackson.databind.ser.std.MapSerializer.serialize(MapSerializer.java:720)
at com.fasterxml.jackson.databind.ser.std.MapSerializer.serialize(MapSerializer.java:35)
at com.fasterxml.jackson.databind.ser.std.MapSerializer.serializeFields(MapSerializer.java:808)
at com.fasterxml.jackson.databind.ser.std.MapSerializer.serializeWithoutTypeInfo(MapSerializer.java:764)
at com.fasterxml.jackson.databind.ser.std.MapSerializer.serialize(MapSerializer.java:720)
at com.fasterxml.jackson.databind.ser.std.MapSerializer.serialize(MapSerializer.java:35)
at com.fasterxml.jackson.databind.ser.std.MapSerializer.serializeFields(MapSerializer.java:808)
at com.fasterxml.jackson.databind.ser.std.MapSerializer.serializeWithoutTypeInfo(MapSerializer.java:764)
at com.fasterxml.jackson.databind.ser.std.MapSerializer.serialize(MapSerializer.java:720)
at com.fasterxml.jackson.databind.ser.std.MapSerializer.serialize(MapSerializer.java:35)
at com.fasterxml.jackson.databind.ser.std.MapSerializer.serializeFields(MapSerializer.java:808)
at com.fasterxml.jackson.databind.ser.std.MapSerializer.serializeWithoutTypeInfo(MapSerializer.java:764)
at com.fasterxml.jackson.databind.ser.std.MapSerializer.serialize(MapSerializer.java:720)
at com.fasterxml.jackson.databind.ser.std.MapSerializer.serialize(MapSerializer.java:35)
at com.fasterxml.jackson.databind.ser.std.MapSerializer.serializeFields(MapSerializer.java:808)
at com.fasterxml.jackson.databind.ser.std.MapSerializer.serializeWithoutTypeInfo(MapSerializer.java:764)
at com.fasterxml.jackson.databind.ser.std.MapSerializer.serialize(MapSerializer.java:720)
at com.fasterxml.jackson.databind.ser.std.MapSerializer.serialize(MapSerializer.java:35)
at com.fasterxml.jackson.databind.ser.std.MapSerializer.serializeFields(MapSerializer.java:808)
at com.fasterxml.jackson.databind.ser.std.MapSerializer.serializeWithoutTypeInfo(MapSerializer.java:764)
at com.fasterxml.jackson.databind.ser.std.MapSerializer.serialize(MapSerializer.java:720)
at com.fasterxml.jackson.databind.ser.std.MapSerializer.serialize(MapSerializer.java:35)
at com.fasterxml.jackson.databind.ser.std.MapSerializer.serializeFields(MapSerializer.java:808)
at com.fasterxml.jackson.databind.ser.std.MapSerializer.serializeWithoutTypeInfo(MapSerializer.java:764)
at com.fasterxml.jackson.databind.ser.std.MapSerializer.serialize(MapSerializer.java:720)
at com.fasterxml.jackson.databind.ser.std.MapSerializer.serialize(MapSerializer.java:35)
at com.fasterxml.jackson.databind.ser.std.MapSerializer.serializeFields(MapSerializer.java:808)
at com.fasterxml.jackson.databind.ser.std.MapSerializer.serializeWithoutTypeInfo(MapSerializer.java:764)
at com.fasterxml.jackson.databind.ser.std.MapSerializer.serialize(MapSerializer.java:720)
at com.fasterxml.jackson.databind.ser.std.MapSerializer.serialize(MapSerializer.java:35)
at com.fasterxml.jackson.databind.ser.std.MapSerializer.serializeFields(MapSerializer.java:808)
at com.fasterxml.jackson.databind.ser.std.MapSerializer.serializeWithoutTypeInfo(MapSerializer.java:764)
at com.fasterxml.jackson.databind.ser.std.MapSerializer.serialize(MapSerializer.java:720)
at com.fasterxml.jackson.databind.ser.std.MapSerializer.serialize(MapSerializer.java:35)
at com.fasterxml.jackson.databind.ser.std.MapSerializer.serializeFields(MapSerializer.java:808)
at com.fasterxml.jackson.databind.ser.std.MapSerializer.serializeWithoutTypeInfo(MapSerializer.java:764)
at com.fasterxml.jackson.databind.ser.std.MapSerializer.serialize(MapSerializer.java:720)
at com.fasterxml.jackson.databind.ser.std.MapSerializer.serialize(MapSerializer.java:35)
at com.fasterxml.jackson.databind.ser.std.MapSerializer.serializeFields(MapSerializer.java:808)
at com.fasterxml.jackson.databind.ser.std.MapSerializer.serializeWithoutTypeInfo(MapSerializer.java:764)
at com.fasterxml.jackson.databind.ser.std.MapSerializer.serialize(MapSerializer.java:720)
at com.fasterxml.jackson.databind.ser.std.MapSerializer.serialize(MapSerializer.java:35)
at com.fasterxml.jackson.databind.ser.std.MapSerializer.serializeFields(MapSerializer.java:808)
at com.fasterxml.jackson.databind.ser.std.MapSerializer.serializeWithoutTypeInfo(MapSerializer.java:764)
at com.fasterxml.jackson.databind.ser.std.MapSerializer.serialize(MapSerializer.java:720)
at com.fasterxml.jackson.databind.ser.std.MapSerializer.serialize(MapSerializer.java:35)
at com.fasterxml.jackson.databind.ser.std.MapSerializer.serializeFields(MapSerializer.java:808)
at com.fasterxml.jackson.databind.ser.std.MapSerializer.serializeWithoutTypeInfo(MapSerializer.java:764)
at com.fasterxml.jackson.databind.ser.std.MapSerializer.serialize(MapSerializer.java:720)
at com.fasterxml.jackson.databind.ser.std.MapSerializer.serialize(MapSerializer.java:35)
at com.fasterxml.jackson.databind.ser.std.MapSerializer.serializeFields(MapSerializer.java:808)
at com.fasterxml.jackson.databind.ser.std.MapSerializer.serializeWithoutTypeInfo(MapSerializer.java:764)
at com.fasterxml.jackson.databind.ser.std.MapSerializer.serialize(MapSerializer.java:720)
at com.fasterxml.jackson.databind.ser.std.MapSerializer.serialize(MapSerializer.java:35)
at com.fasterxml.jackson.databind.ser.std.MapSerializer.serializeFields(MapSerializer.java:808)
at com.fasterxml.jackson.databind.ser.std.MapSerializer.serializeWithoutTypeInfo(MapSerializer.java:764)
at com.fasterxml.jackson.databind.ser.std.MapSerializer.serialize(MapSerializer.java:720)
at com.fasterxml.jackson.databind.ser.std.MapSerializer.serialize(MapSerializer.java:35)
at com.fasterxml.jackson.databind.ser.std.MapSerializer.serializeFields(MapSerializer.java:808)
at com.fasterxml.jackson.databind.ser.std.MapSerializer.serializeWithoutTypeInfo(MapSerializer.java:764)
at com.fasterxml.jackson.databind.ser.std.MapSerializer.serialize(MapSerializer.java:720)
at com.fasterxml.jackson.databind.ser.std.MapSerializer.serialize(MapSerializer.java:35)
at com.fasterxml.jackson.databind.ser.std.MapSerializer.serializeFields(MapSerializer.java:808)
at com.fasterxml.jackson.databind.ser.std.MapSerializer.serializeWithoutTypeInfo(MapSerializer.java:764)
at com.fasterxml.jackson.databind.ser.std.MapSerializer.serialize(MapSerializer.java:720)
at com.fasterxml.jackson.databind.ser.std.MapSerializer.serialize(MapSerializer.java:35)
at com.fasterxml.jackson.databind.ser.std.MapSerializer.serializeFields(MapSerializer.java:808)
at com.fasterxml.jackson.databind.ser.std.MapSerializer.serializeWithoutTypeInfo(MapSerializer.java:764)
at com.fasterxml.jackson.databind.ser.std.MapSerializer.serialize(MapSerializer.java:720)
at com.fasterxml.jackson.databind.ser.std.MapSerializer.serialize(MapSerializer.java:35)
at com.fasterxml.jackson.databind.ser.std.MapSerializer.serializeFields(MapSerializer.java:808)
at com.fasterxml.jackson.databind.ser.std.MapSerializer.serializeWithoutTypeInfo(MapSerializer.java:764)
at com.fasterxml.jackson.databind.ser.std.MapSerializer.serialize(MapSerializer.java:720)
at com.fasterxml.jackson.databind.ser.std.MapSerializer.serialize(MapSerializer.java:35)
at com.fasterxml.jackson.databind.ser.std.MapSerializer.serializeFields(MapSerializer.java:808)
at com.fasterxml.jackson.databind.ser.std.MapSerializer.serializeWithoutTypeInfo(MapSerializer.java:764)
at com.fasterxml.jackson.databind.ser.std.MapSerializer.serialize(MapSerializer.java:720)
at com.fasterxml.jackson.databind.ser.std.MapSerializer.serialize(MapSerializer.java:35)
at com.fasterxml.jackson.databind.ser.std.MapSerializer.serializeFields(MapSerializer.java:808)
at com.fasterxml.jackson.databind.ser.std.MapSerializer.serializeWithoutTypeInfo(MapSerializer.java:764)
at com.fasterxml.jackson.databind.ser.std.MapSerializer.serialize(MapSerializer.java:720)
at com.fasterxml.jackson.databind.ser.std.MapSerializer.serialize(MapSerializer.java:35)
at com.fasterxml.jackson.databind.ser.std.MapSerializer.serializeFields(MapSerializer.java:808)
at com.fasterxml.jackson.databind.ser.std.MapSerializer.serializeWithoutTypeInfo(MapSerializer.java:764)
at com.fasterxml.jackson.databind.ser.std.MapSerializer.serialize(MapSerializer.java:720)
at com.fasterxml.jackson.databind.ser.std.MapSerializer.serialize(MapSerializer.java:35)
at com.fasterxml.jackson.databind.ser.std.MapSerializer.serializeFields(MapSerializer.java:808)
at com.fasterxml.jackson.databind.ser.std.MapSerializer.serializeWithoutTypeInfo(MapSerializer.java:764)
at com.fasterxml.jackson.databind.ser.std.MapSerializer.serialize(MapSerializer.java:720)
at com.fasterxml.jackson.databind.ser.std.MapSerializer.serialize(MapSerializer.java:35)
at com.fasterxml.jackson.databind.ser.std.MapSerializer.serializeFields(MapSerializer.java:808)
at com.fasterxml.jackson.databind.ser.std.MapSerializer.serializeWithoutTypeInfo(MapSerializer.java:764)
at com.fasterxml.jackson.databind.ser.std.MapSerializer.serialize(MapSerializer.java:720)
at com.fasterxml.jackson.databind.ser.std.MapSerializer.serialize(MapSerializer.java:35)
at com.fasterxml.jackson.databind.ser.std.MapSerializer.serializeFields(MapSerializer.java:808)
at com.fasterxml.jackson.databind.ser.std.MapSerializer.serializeWithoutTypeInfo(MapSerializer.java:764)
at com.fasterxml.jackson.databind.ser.std.MapSerializer.serialize(MapSerializer.java:720)
at com.fasterxml.jackson.databind.ser.std.MapSerializer.serialize(MapSerializer.java:35)
at com.fasterxml.jackson.databind.ser.std.MapSerializer.serializeFields(MapSerializer.java:808)
at com.fasterxml.jackson.databind.ser.std.MapSerializer.serializeWithoutTypeInfo(MapSerializer.java:764)
at com.fasterxml.jackson.databind.ser.std.MapSerializer.serialize(MapSerializer.java:720)
at com.fasterxml.jackson.databind.ser.std.MapSerializer.serialize(MapSerializer.java:35)
at com.fasterxml.jackson.databind.ser.std.MapSerializer.serializeFields(MapSerializer.java:808)
at com.fasterxml.jackson.databind.ser.std.MapSerializer.serializeWithoutTypeInfo(MapSerializer.java:764)
at com.fasterxml.jackson.databind.ser.std.MapSerializer.serialize(MapSerializer.java:720)
at com.fasterxml.jackson.databind.ser.std.MapSerializer.serialize(MapSerializer.java:35)
at com.fasterxml.jackson.databind.ser.std.MapSerializer.serializeFields(MapSerializer.java:808)
at com.fasterxml.jackson.databind.ser.std.MapSerializer.serializeWithoutTypeInfo(MapSerializer.java:764)
at com.fasterxml.jackson.databind.ser.std.MapSerializer.serialize(MapSerializer.java:720)
at com.fasterxml.jackson.databind.ser.std.MapSerializer.serialize(MapSerializer.java:35)
at com.fasterxml.jackson.databind.ser.std.MapSerializer.serializeFields(MapSerializer.java:808)
at com.fasterxml.jackson.databind.ser.std.MapSerializer.serializeWithoutTypeInfo(MapSerializer.java:764)
at com.fasterxml.jackson.databind.ser.std.MapSerializer.serialize(MapSerializer.java:720)
at com.fasterxml.jackson.databind.ser.std.MapSerializer.serialize(MapSerializer.java:35)
at com.fasterxml.jackson.databind.ser.std.MapSerializer.serializeFields(MapSerializer.java:808)
at com.fasterxml.jackson.databind.ser.std.MapSerializer.serializeWithoutTypeInfo(MapSerializer.java:764)
at com.fasterxml.jackson.databind.ser.std.MapSerializer.serialize(MapSerializer.java:720)
at com.fasterxml.jackson.databind.ser.std.MapSerializer.serialize(MapSerializer.java:35)
at com.fasterxml.jackson.databind.ser.std.MapSerializer.serializeFields(MapSerializer.java:808)
at com.fasterxml.jackson.databind.ser.std.MapSerializer.serializeWithoutTypeInfo(MapSerializer.java:764)
at com.fasterxml.jackson.databind.ser.std.MapSerializer.serialize(MapSerializer.java:720)
at com.fasterxml.jackson.databind.ser.std.MapSerializer.serialize(MapSerializer.java:35)
at com.fasterxml.jackson.databind.ser.std.MapSerializer.serializeFields(MapSerializer.java:808)
at com.fasterxml.jackson.databind.ser.std.MapSerializer.serializeWithoutTypeInfo(MapSerializer.java:764)
at com.fasterxml.jackson.databind.ser.std.MapSerializer.serialize(MapSerializer.java:720)
at com.fasterxml.jackson.databind.ser.std.MapSerializer.serialize(MapSerializer.java:35)
at com.fasterxml.jackson.databind.ser.std.MapSerializer.serializeFields(MapSerializer.java:808)
at com.fasterxml.jackson.databind.ser.std.MapSerializer.serializeWithoutTypeInfo(MapSerializer.java:764)
at com.fasterxml.jackson.databind.ser.std.MapSerializer.serialize(MapSerializer.java:720)
at com.fasterxml.jackson.databind.ser.std.MapSerializer.serialize(MapSerializer.java:35)
at com.fasterxml.jackson.databind.ser.std.MapSerializer.serializeFields(MapSerializer.java:808)
at com.fasterxml.jackson.databind.ser.std.MapSerializer.serializeWithoutTypeInfo(MapSerializer.java:764)
at com.fasterxml.jackson.databind.ser.std.MapSerializer.serialize(MapSerializer.java:720)
at com.fasterxml.jackson.databind.ser.std.MapSerializer.serialize(MapSerializer.java:35)
at com.fasterxml.jackson.databind.ser.std.MapSerializer.serializeFields(MapSerializer.java:808)
at com.fasterxml.jackson.databind.ser.std.MapSerializer.serializeWithoutTypeInfo(MapSerializer.java:764)
at com.fasterxml.jackson.databind.ser.std.MapSerializer.serialize(MapSerializer.java:720)
at com.fasterxml.jackson.databind.ser.std.MapSerializer.serialize(MapSerializer.java:35)
at com.fasterxml.jackson.databind.ser.std.MapSerializer.serializeFields(MapSerializer.java:808)
at com.fasterxml.jackson.databind.ser.std.MapSerializer.serializeWithoutTypeInfo(MapSerializer.java:764)
at com.fasterxml.jackson.databind.ser.std.MapSerializer.serialize(MapSerializer.java:720)
at com.fasterxml.jackson.databind.ser.std.MapSerializer.serialize(MapSerializer.java:35)
at com.fasterxml.jackson.databind.ser.std.MapSerializer.serializeFields(MapSerializer.java:808)
at com.fasterxml.jackson.databind.ser.std.MapSerializer.serializeWithoutTypeInfo(MapSerializer.java:764)
at com.fasterxml.jackson.databind.ser.std.MapSerializer.serialize(MapSerializer.java:720)
at com.fasterxml.jackson.databind.ser.std.MapSerializer.serialize(MapSerializer.java:35)
at com.fasterxml.jackson.databind.ser.std.MapSerializer.serializeFields(MapSerializer.java:808)
at com.fasterxml.jackson.databind.ser.std.MapSerializer.serializeWithoutTypeInfo(MapSerializer.java:764)
at com.fasterxml.jackson.databind.ser.std.MapSerializer.serialize(MapSerializer.java:720)
at com.fasterxml.jackson.databind.ser.std.MapSerializer.serialize(MapSerializer.java:35)
at com.fasterxml.jackson.databind.ser.std.MapSerializer.serializeFields(MapSerializer.java:808)
at com.fasterxml.jackson.databind.ser.std.MapSerializer.serializeWithoutTypeInfo(MapSerializer.java:764)
at com.fasterxml.jackson.databind.ser.std.MapSerializer.serialize(MapSerializer.java:720)
at com.fasterxml.jackson.databind.ser.std.MapSerializer.serialize(MapSerializer.java:35)
at com.fasterxml.jackson.databind.ser.std.MapSerializer.serializeFields(MapSerializer.java:808)
at com.fasterxml.jackson.databind.ser.std.MapSerializer.serializeWithoutTypeInfo(MapSerializer.java:764)
at com.fasterxml.jackson.databind.ser.std.MapSerializer.serialize(MapSerializer.java:720)
at com.fasterxml.jackson.databind.ser.std.MapSerializer.serialize(MapSerializer.java:35)
at com.fasterxml.jackson.databind.ser.std.MapSerializer.serializeFields(MapSerializer.java:808)
at com.fasterxml.jackson.databind.ser.std.MapSerializer.serializeWithoutTypeInfo(MapSerializer.java:764)
at com.fasterxml.jackson.databind.ser.std.MapSerializer.serialize(MapSerializer.java:720)
at com.fasterxml.jackson.databind.ser.std.MapSerializer.serialize(MapSerializer.java:35)
at com.fasterxml.jackson.databind.ser.std.MapSerializer.serializeFields(MapSerializer.java:808)
at com.fasterxml.jackson.databind.ser.std.MapSerializer.serializeWithoutTypeInfo(MapSerializer.java:764)
at com.fasterxml.jackson.databind.ser.std.MapSerializer.serialize(MapSerializer.java:720)
at com.fasterxml.jackson.databind.ser.std.MapSerializer.serialize(MapSerializer.java:35)
at com.fasterxml.jackson.databind.ser.std.MapSerializer.serializeFields(MapSerializer.java:808)
at com.fasterxml.jackson.databind.ser.std.MapSerializer.serializeWithoutTypeInfo(MapSerializer.java:764)
at com.fasterxml.jackson.databind.ser.std.MapSerializer.serialize(MapSerializer.java:720)
at com.fasterxml.jackson.databind.ser.std.MapSerializer.serialize(MapSerializer.java:35)
at com.fasterxml.jackson.databind.ser.std.MapSerializer.serializeFields(MapSerializer.java:808)
at com.fasterxml.jackson.databind.ser.std.MapSerializer.serializeWithoutTypeInfo(MapSerializer.java:764)
at com.fasterxml.jackson.databind.ser.std.MapSerializer.serialize(MapSerializer.java:720)
at com.fasterxml.jackson.databind.ser.std.MapSerializer.serialize(MapSerializer.java:35)
at com.fasterxml.jackson.databind.ser.std.MapSerializer.serializeFields(MapSerializer.java:808)
at com.fasterxml.jackson.databind.ser.std.MapSerializer.serializeWithoutTypeInfo(MapSerializer.java:764)
at com.fasterxml.jackson.databind.ser.std.MapSerializer.serialize(MapSerializer.java:720)
at com.fasterxml.jackson.databind.ser.std.MapSerializer.serialize(MapSerializer.java:35)
at com.fasterxml.jackson.databind.ser.std.MapSerializer.serializeFields(MapSerializer.java:808)
at com.fasterxml.jackson.databind.ser.std.MapSerializer.serializeWithoutTypeInfo(MapSerializer.java:764)
at com.fasterxml.jackson.databind.ser.std.MapSerializer.serialize(MapSerializer.java:720)
at com.fasterxml.jackson.databind.ser.std.MapSerializer.serialize(MapSerializer.java:35)
at com.fasterxml.jackson.databind.ser.std.MapSerializer.serializeFields(MapSerializer.java:808)
at com.fasterxml.jackson.databind.ser.std.MapSerializer.serializeWithoutTypeInfo(MapSerializer.java:764)
at com.fasterxml.jackson.databind.ser.std.MapSerializer.serialize(MapSerializer.java:720)
at com.fasterxml.jackson.databind.ser.std.MapSerializer.serialize(MapSerializer.java:35)
at com.fasterxml.jackson.databind.ser.std.MapSerializer.serializeFields(MapSerializer.java:808)
at com.fasterxml.jackson.databind.ser.std.MapSerializer.serializeWithoutTypeInfo(MapSerializer.java:764)
at com.fasterxml.jackson.databind.ser.std.MapSerializer.serialize(MapSerializer.java:720)
at com.fasterxml.jackson.databind.ser.std.MapSerializer.serialize(MapSerializer.java:35)
at com.fasterxml.jackson.databind.ser.std.MapSerializer.serializeFields(MapSerializer.java:808)
at com.fasterxml.jackson.databind.ser.std.MapSerializer.serializeWithoutTypeInfo(MapSerializer.java:764)
at com.fasterxml.jackson.databind.ser.std.MapSerializer.serialize(MapSerializer.java:720)
at com.fasterxml.jackson.databind.ser.std.MapSerializer.serialize(MapSerializer.java:35)
at com.fasterxml.jackson.databind.ser.std.MapSerializer.serializeFields(MapSerializer.java:808)
at com.fasterxml.jackson.databind.ser.std.MapSerializer.serializeWithoutTypeInfo(MapSerializer.java:764)
at com.fasterxml.jackson.databind.ser.std.MapSerializer.serialize(MapSerializer.java:720)
at com.fasterxml.jackson.databind.ser.std.MapSerializer.serialize(MapSerializer.java:35)
at com.fasterxml.jackson.databind.ser.std.MapSerializer.serializeFields(MapSerializer.java:808)
at com.fasterxml.jackson.databind.ser.std.MapSerializer.serializeWithoutTypeInfo(MapSerializer.java:764)
at com.fasterxml.jackson.databind.ser.std.MapSerializer.serialize(MapSerializer.java:720)
at com.fasterxml.jackson.databind.ser.std.MapSerializer.serialize(MapSerializer.java:35)
at com.fasterxml.jackson.databind.ser.std.MapSerializer.serializeFields(MapSerializer.java:808)
at com.fasterxml.jackson.databind.ser.std.MapSerializer.serializeWithoutTypeInfo(MapSerializer.java:764)
at com.fasterxml.jackson.databind.ser.std.MapSerializer.serialize(MapSerializer.java:720)
at com.fasterxml.jackson.databind.ser.std.MapSerializer.serialize(MapSerializer.java:35)
at com.fasterxml.jackson.databind.ser.std.MapSerializer.serializeFields(MapSerializer.java:808)
at com.fasterxml.jackson.databind.ser.std.MapSerializer.serializeWithoutTypeInfo(MapSerializer.java:764)
at com.fasterxml.jackson.databind.ser.std.MapSerializer.serialize(MapSerializer.java:720)
at com.fasterxml.jackson.databind.ser.std.MapSerializer.serialize(MapSerializer.java:35)
at com.fasterxml.jackson.databind.ser.std.MapSerializer.serializeFields(MapSerializer.java:808)
at com.fasterxml.jackson.databind.ser.std.MapSerializer.serializeWithoutTypeInfo(MapSerializer.java:764)
at com.fasterxml.jackson.databind.ser.std.MapSerializer.serialize(MapSerializer.java:720)
at com.fasterxml.jackson.databind.ser.std.MapSerializer.serialize(MapSerializer.java:35)
at com.fasterxml.jackson.databind.ser.std.MapSerializer.serializeFields(MapSerializer.java:808)
at com.fasterxml.jackson.databind.ser.std.MapSerializer.serializeWithoutTypeInfo(MapSerializer.java:764)
at com.fasterxml.jackson.databind.ser.std.MapSerializer.serialize(MapSerializer.java:720)
at com.fasterxml.jackson.databind.ser.std.MapSerializer.serialize(MapSerializer.java:35)
at com.fasterxml.jackson.databind.ser.std.MapSerializer.serializeFields(MapSerializer.java:808)
at com.fasterxml.jackson.databind.ser.std.MapSerializer.serializeWithoutTypeInfo(MapSerializer.java:764)
at com.fasterxml.jackson.databind.ser.std.MapSerializer.serialize(MapSerializer.java:720)
at com.fasterxml.jackson.databind.ser.std.MapSerializer.serialize(MapSerializer.java:35)
at com.fasterxml.jackson.databind.ser.std.MapSerializer.serializeFields(MapSerializer.java:808)
at com.fasterxml.jackson.databind.ser.std.MapSerializer.serializeWithoutTypeInfo(MapSerializer.java:764)
at com.fasterxml.jackson.databind.ser.std.MapSerializer.serialize(MapSerializer.java:720)
at com.fasterxml.jackson.databind.ser.std.MapSerializer.serialize(MapSerializer.java:35)
at com.fasterxml.jackson.databind.ser.std.MapSerializer.serializeFields(MapSerializer.java:808)
at com.fasterxml.jackson.databind.ser.std.MapSerializer.serializeWithoutTypeInfo(MapSerializer.java:764)
at com.fasterxml.jackson.databind.ser.std.MapSerializer.serialize(MapSerializer.java:720)
at com.fasterxml.jackson.databind.ser.std.MapSerializer.serialize(MapSerializer.java:35)
at com.fasterxml.jackson.databind.ser.std.MapSerializer.serializeFields(MapSerializer.java:808)
at com.fasterxml.jackson.databind.ser.std.MapSerializer.serializeWithoutTypeInfo(MapSerializer.java:764)
at com.fasterxml.jackson.databind.ser.std.MapSerializer.serialize(MapSerializer.java:720)
at com.fasterxml.jackson.databind.ser.std.MapSerializer.serialize(MapSerializer.java:35)
at com.fasterxml.jackson.databind.ser.std.MapSerializer.serializeFields(MapSerializer.java:808)
at com.fasterxml.jackson.databind.ser.std.MapSerializer.serializeWithoutTypeInfo(MapSerializer.java:764)
at com.fasterxml.jackson.databind.ser.std.MapSerializer.serialize(MapSerializer.java:720)
at com.fasterxml.jackson.databind.ser.std.MapSerializer.serialize(MapSerializer.java:35)
at com.fasterxml.jackson.databind.ser.std.MapSerializer.serializeFields(MapSerializer.java:808)
at com.fasterxml.jackson.databind.ser.std.MapSerializer.serializeWithoutTypeInfo(MapSerializer.java:764)
at com.fasterxml.jackson.databind.ser.std.MapSerializer.serialize(MapSerializer.java:720)
at com.fasterxml.jackson.databind.ser.std.MapSerializer.serialize(MapSerializer.java:35)
at com.fasterxml.jackson.databind.ser.std.MapSerializer.serializeFields(MapSerializer.java:808)
at com.fasterxml.jackson.databind.ser.std.MapSerializer.serializeWithoutTypeInfo(MapSerializer.java:764)
at com.fasterxml.jackson.databind.ser.std.MapSerializer.serialize(MapSerializer.java:720)
at com.fasterxml.jackson.databind.ser.std.MapSerializer.serialize(MapSerializer.java:35)
at com.fasterxml.jackson.databind.ser.std.MapSerializer.serializeFields(MapSerializer.java:808)
at com.fasterxml.jackson.databind.ser.std.MapSerializer.serializeWithoutTypeInfo(MapSerializer.java:764)
at com.fasterxml.jackson.databind.ser.std.MapSerializer.serialize(MapSerializer.java:720)
at com.fasterxml.jackson.databind.ser.std.MapSerializer.serialize(MapSerializer.java:35)
at com.fasterxml.jackson.databind.ser.std.MapSerializer.serializeFields(MapSerializer.java:808)
at com.fasterxml.jackson.databind.ser.std.MapSerializer.serializeWithoutTypeInfo(MapSerializer.java:764)
at com.fasterxml.jackson.databind.ser.std.MapSerializer.serialize(MapSerializer.java:720)
at com.fasterxml.jackson.databind.ser.std.MapSerializer.serialize(MapSerializer.java:35)
at com.fasterxml.jackson.databind.ser.std.MapSerializer.serializeFields(MapSerializer.java:808)
at com.fasterxml.jackson.databind.ser.std.MapSerializer.serializeWithoutTypeInfo(MapSerializer.java:764)
at com.fasterxml.jackson.databind.ser.std.MapSerializer.serialize(MapSerializer.java:720)
at com.fasterxml.jackson.databind.ser.std.MapSerializer.serialize(MapSerializer.java:35)
at com.fasterxml.jackson.databind.ser.std.MapSerializer.serializeFields(MapSerializer.java:808)
at com.fasterxml.jackson.databind.ser.std.MapSerializer.serializeWithoutTypeInfo(MapSerializer.java:764)
at com.fasterxml.jackson.databind.ser.std.MapSerializer.serialize(MapSerializer.java:720)
at com.fasterxml.jackson.databind.ser.std.MapSerializer.serialize(MapSerializer.java:35)
at com.fasterxml.jackson.databind.ser.std.MapSerializer.serializeFields(MapSerializer.java:808)
at com.fasterxml.jackson.databind.ser.std.MapSerializer.serializeWithoutTypeInfo(MapSerializer.java:764)
at com.fasterxml.jackson.databind.ser.std.MapSerializer.serialize(MapSerializer.java:720)
at com.fasterxml.jackson.databind.ser.std.MapSerializer.serialize(MapSerializer.java:35)
at com.fasterxml.jackson.databind.ser.std.MapSerializer.serializeFields(MapSerializer.java:808)
at com.fasterxml.jackson.databind.ser.std.MapSerializer.serializeWithoutTypeInfo(MapSerializer.java:764)
at com.fasterxml.jackson.databind.ser.std.MapSerializer.serialize(MapSerializer.java:720)
at com.fasterxml.jackson.databind.ser.std.MapSerializer.serialize(MapSerializer.java:35)
at com.fasterxml.jackson.databind.ser.std.MapSerializer.serializeFields(MapSerializer.java:808)
at com.fasterxml.jackson.databind.ser.std.MapSerializer.serializeWithoutTypeInfo(MapSerializer.java:764)
at com.fasterxml.jackson.databind.ser.std.MapSerializer.serialize(MapSerializer.java:720)
at com.fasterxml.jackson.databind.ser.std.MapSerializer.serialize(MapSerializer.java:35)
at com.fasterxml.jackson.databind.ser.std.MapSerializer.serializeFields(MapSerializer.java:808)
at com.fasterxml.jackson.databind.ser.std.MapSerializer.serializeWithoutTypeInfo(MapSerializer.java:764)
at com.fasterxml.jackson.databind.ser.std.MapSerializer.serialize(MapSerializer.java:720)
at com.fasterxml.jackson.databind.ser.std.MapSerializer.serialize(MapSerializer.java:35)
at com.fasterxml.jackson.databind.ser.std.MapSerializer.serializeFields(MapSerializer.java:808)
at com.fasterxml.jackson.databind.ser.std.MapSerializer.serializeWithoutTypeInfo(MapSerializer.java:764)
]]>
    </error>
  </testcase> <!-- PostRequest -->
  <system-out/>
</testsuite> <!-- SendingBodyObject.Post_ComplexJSONRequest -->
