<?xml version="1.0" encoding="UTF-8"?>
<!-- Generated by org.testng.reporters.JUnitReportReporter -->
<testsuite hostname="DESKTOP-M4STU02" failures="0" tests="1" name="ResponceRequestSpecBuilder.prctice" time="14.092" errors="0" timestamp="2023-07-02T22:39:46 IST" skipped="0">
  <testcase classname="ResponceRequestSpecBuilder.prctice" name="getPostWOrkpace" time="14.092"/>
  <system-out/>
</testsuite> <!-- ResponceRequestSpecBuilder.prctice -->
